{"/home/travis/build/npmtest/node-npmtest-browserify-shim/test.js":{"path":"/home/travis/build/npmtest/node-npmtest-browserify-shim/test.js","s":{"1":2,"2":2,"3":2,"4":2,"5":2,"6":2,"7":2,"8":1,"9":2,"10":2,"11":1,"12":1,"13":1,"14":1,"15":2,"16":2,"17":2,"18":2,"19":1,"20":1,"21":2,"22":2,"23":2,"24":1,"25":1,"26":1,"27":1,"28":1,"29":1,"30":1,"31":1,"32":1,"33":1,"34":1,"35":1,"36":1,"37":1,"38":1,"39":2,"40":2,"41":1,"42":2,"43":2,"44":1,"45":2,"46":2,"47":1,"48":2,"49":2,"50":1,"51":1,"52":1,"53":1,"54":1},"b":{"1":[2,1,1,1],"2":[1,1,1,1],"3":[1,1],"4":[1,1],"5":[1,1],"6":[1,1],"7":[1,1],"8":[1,1],"9":[1,1],"10":[1,1,1],"11":[1,1],"12":[1,1],"13":[1,1],"14":[1,1],"15":[1,1],"16":[1,1],"17":[1,1]},"f":{"1":2,"2":2,"3":2,"4":2,"5":2,"6":1,"7":1,"8":1,"9":2,"10":2,"11":2,"12":2,"13":1},"fnMap":{"1":{"name":"(anonymous_1)","line":12,"loc":{"start":{"line":12,"column":1},"end":{"line":12,"column":13}}},"2":{"name":"(anonymous_2)","line":19,"loc":{"start":{"line":19,"column":5},"end":{"line":19,"column":17}}},"3":{"name":"(anonymous_3)","line":23,"loc":{"start":{"line":23,"column":24},"end":{"line":23,"column":36}}},"4":{"name":"(anonymous_4)","line":61,"loc":{"start":{"line":61,"column":5},"end":{"line":61,"column":17}}},"5":{"name":"(anonymous_5)","line":82,"loc":{"start":{"line":82,"column":5},"end":{"line":82,"column":17}}},"6":{"name":"(anonymous_6)","line":91,"loc":{"start":{"line":91,"column":77},"end":{"line":94,"column":10}}},"7":{"name":"(anonymous_7)","line":112,"loc":{"start":{"line":112,"column":83},"end":{"line":115,"column":10}},"skip":true},"8":{"name":"(anonymous_8)","line":123,"loc":{"start":{"line":123,"column":77},"end":{"line":126,"column":10}},"skip":true},"9":{"name":"(anonymous_9)","line":139,"loc":{"start":{"line":139,"column":12},"end":{"line":139,"column":40}},"skip":true},"10":{"name":"(anonymous_10)","line":147,"loc":{"start":{"line":147,"column":77},"end":{"line":150,"column":10}},"skip":true},"11":{"name":"(anonymous_11)","line":158,"loc":{"start":{"line":158,"column":83},"end":{"line":161,"column":10}},"skip":true},"12":{"name":"(anonymous_12)","line":169,"loc":{"start":{"line":169,"column":79},"end":{"line":172,"column":10}},"skip":true},"13":{"name":"(anonymous_13)","line":180,"loc":{"start":{"line":180,"column":75},"end":{"line":183,"column":10}},"skip":true}},"statementMap":{"1":{"start":{"line":12,"column":0},"end":{"line":195,"column":5}},"2":{"start":{"line":14,"column":4},"end":{"line":14,"column":14}},"3":{"start":{"line":19,"column":4},"end":{"line":56,"column":9}},"4":{"start":{"line":21,"column":8},"end":{"line":21,"column":19}},"5":{"start":{"line":23,"column":8},"end":{"line":35,"column":13}},"6":{"start":{"line":24,"column":12},"end":{"line":34,"column":13}},"7":{"start":{"line":25,"column":16},"end":{"line":28,"column":30}},"8":{"start":{"line":30,"column":16},"end":{"line":33,"column":27}},"9":{"start":{"line":37,"column":8},"end":{"line":39,"column":21}},"10":{"start":{"line":40,"column":8},"end":{"line":53,"column":9}},"11":{"start":{"line":43,"column":12},"end":{"line":46,"column":14}},"12":{"start":{"line":47,"column":12},"end":{"line":47,"column":18}},"13":{"start":{"line":50,"column":12},"end":{"line":51,"column":46}},"14":{"start":{"line":52,"column":12},"end":{"line":52,"column":18}},"15":{"start":{"line":55,"column":8},"end":{"line":55,"column":35}},"16":{"start":{"line":61,"column":4},"end":{"line":63,"column":9}},"17":{"start":{"line":62,"column":8},"end":{"line":62,"column":15}},"18":{"start":{"line":64,"column":4},"end":{"line":77,"column":5}},"19":{"start":{"line":70,"column":8},"end":{"line":70,"column":14}},"20":{"start":{"line":76,"column":8},"end":{"line":76,"column":14}},"21":{"start":{"line":82,"column":4},"end":{"line":84,"column":9}},"22":{"start":{"line":83,"column":8},"end":{"line":83,"column":15}},"23":{"start":{"line":85,"column":4},"end":{"line":194,"column":5}},"24":{"start":{"line":91,"column":8},"end":{"line":99,"column":10}},"25":{"start":{"line":98,"column":12},"end":{"line":98,"column":35}},"26":{"start":{"line":102,"column":8},"end":{"line":104,"column":63}},"27":{"start":{"line":105,"column":8},"end":{"line":105,"column":14}},"28":{"start":{"line":112,"column":8},"end":{"line":121,"column":10},"skip":true},"29":{"start":{"line":119,"column":12},"end":{"line":119,"column":55},"skip":true},"30":{"start":{"line":120,"column":12},"end":{"line":120,"column":48},"skip":true},"31":{"start":{"line":123,"column":8},"end":{"line":136,"column":10},"skip":true},"32":{"start":{"line":130,"column":12},"end":{"line":130,"column":76},"skip":true},"33":{"start":{"line":131,"column":12},"end":{"line":131,"column":73},"skip":true},"34":{"start":{"line":132,"column":12},"end":{"line":132,"column":74},"skip":true},"35":{"start":{"line":133,"column":12},"end":{"line":133,"column":79},"skip":true},"36":{"start":{"line":134,"column":12},"end":{"line":134,"column":25},"skip":true},"37":{"start":{"line":135,"column":12},"end":{"line":135,"column":45},"skip":true},"38":{"start":{"line":138,"column":8},"end":{"line":145,"column":14},"skip":true},"39":{"start":{"line":143,"column":16},"end":{"line":143,"column":29},"skip":true},"40":{"start":{"line":144,"column":16},"end":{"line":144,"column":55},"skip":true},"41":{"start":{"line":147,"column":8},"end":{"line":156,"column":10},"skip":true},"42":{"start":{"line":154,"column":12},"end":{"line":154,"column":25},"skip":true},"43":{"start":{"line":155,"column":12},"end":{"line":155,"column":45},"skip":true},"44":{"start":{"line":158,"column":8},"end":{"line":167,"column":10},"skip":true},"45":{"start":{"line":165,"column":12},"end":{"line":165,"column":25},"skip":true},"46":{"start":{"line":166,"column":12},"end":{"line":166,"column":48},"skip":true},"47":{"start":{"line":169,"column":8},"end":{"line":178,"column":10},"skip":true},"48":{"start":{"line":176,"column":12},"end":{"line":176,"column":25},"skip":true},"49":{"start":{"line":177,"column":12},"end":{"line":177,"column":46},"skip":true},"50":{"start":{"line":180,"column":8},"end":{"line":189,"column":10},"skip":true},"51":{"start":{"line":187,"column":12},"end":{"line":187,"column":94},"skip":true},"52":{"start":{"line":188,"column":12},"end":{"line":188,"column":48},"skip":true},"53":{"start":{"line":192,"column":8},"end":{"line":192,"column":35},"skip":true},"54":{"start":{"line":193,"column":8},"end":{"line":193,"column":14},"skip":true}},"branchMap":{"1":{"line":25,"type":"binary-expr","locations":[{"start":{"line":25,"column":23},"end":{"line":25,"column":62}},{"start":{"line":26,"column":20},"end":{"line":26,"column":70}},{"start":{"line":27,"column":20},"end":{"line":27,"column":71}},{"start":{"line":28,"column":20},"end":{"line":28,"column":29}}]},"2":{"line":30,"type":"binary-expr","locations":[{"start":{"line":30,"column":23},"end":{"line":30,"column":37}},{"start":{"line":31,"column":20},"end":{"line":31,"column":61}},{"start":{"line":32,"column":20},"end":{"line":32,"column":70}},{"start":{"line":33,"column":20},"end":{"line":33,"column":26}}]},"3":{"line":37,"type":"cond-expr","locations":[{"start":{"line":38,"column":14},"end":{"line":38,"column":20}},{"start":{"line":39,"column":14},"end":{"line":39,"column":20}}]},"4":{"line":40,"type":"switch","locations":[{"start":{"line":42,"column":8},"end":{"line":47,"column":18}},{"start":{"line":49,"column":8},"end":{"line":52,"column":18}}]},"5":{"line":44,"type":"binary-expr","locations":[{"start":{"line":44,"column":16},"end":{"line":44,"column":44}},{"start":{"line":44,"column":48},"end":{"line":44,"column":66}}]},"6":{"line":50,"type":"binary-expr","locations":[{"start":{"line":50,"column":21},"end":{"line":50,"column":49}},{"start":{"line":50,"column":53},"end":{"line":50,"column":72}}]},"7":{"line":64,"type":"switch","locations":[{"start":{"line":69,"column":4},"end":{"line":70,"column":14}},{"start":{"line":75,"column":4},"end":{"line":76,"column":14}}]},"8":{"line":85,"type":"switch","locations":[{"start":{"line":90,"column":4},"end":{"line":105,"column":14}},{"start":{"line":111,"column":4},"end":{"line":193,"column":14},"skip":true}]},"9":{"line":91,"type":"binary-expr","locations":[{"start":{"line":91,"column":42},"end":{"line":91,"column":73}},{"start":{"line":91,"column":77},"end":{"line":99,"column":9}}]},"10":{"line":102,"type":"binary-expr","locations":[{"start":{"line":102,"column":18},"end":{"line":102,"column":32}},{"start":{"line":103,"column":12},"end":{"line":103,"column":53}},{"start":{"line":104,"column":12},"end":{"line":104,"column":61}}]},"11":{"line":112,"type":"binary-expr","locations":[{"start":{"line":112,"column":45},"end":{"line":112,"column":79},"skip":true},{"start":{"line":112,"column":83},"end":{"line":121,"column":9},"skip":true}]},"12":{"line":123,"type":"binary-expr","locations":[{"start":{"line":123,"column":42},"end":{"line":123,"column":73},"skip":true},{"start":{"line":123,"column":77},"end":{"line":136,"column":9},"skip":true}]},"13":{"line":138,"type":"binary-expr","locations":[{"start":{"line":138,"column":48},"end":{"line":138,"column":85},"skip":true},{"start":{"line":139,"column":12},"end":{"line":145,"column":13},"skip":true}]},"14":{"line":147,"type":"binary-expr","locations":[{"start":{"line":147,"column":42},"end":{"line":147,"column":73},"skip":true},{"start":{"line":147,"column":77},"end":{"line":156,"column":9},"skip":true}]},"15":{"line":158,"type":"binary-expr","locations":[{"start":{"line":158,"column":45},"end":{"line":158,"column":79},"skip":true},{"start":{"line":158,"column":83},"end":{"line":167,"column":9},"skip":true}]},"16":{"line":169,"type":"binary-expr","locations":[{"start":{"line":169,"column":43},"end":{"line":169,"column":75},"skip":true},{"start":{"line":169,"column":79},"end":{"line":178,"column":9},"skip":true}]},"17":{"line":180,"type":"binary-expr","locations":[{"start":{"line":180,"column":41},"end":{"line":180,"column":71},"skip":true},{"start":{"line":180,"column":75},"end":{"line":189,"column":9},"skip":true}]}},"code":["/* istanbul instrument in package npmtest_browserify_shim */","/*jslint","    bitwise: true,","    browser: true,","    maxerr: 8,","    maxlen: 96,","    node: true,","    nomen: true,","    regexp: true,","    stupid: true","*/","(function () {","    'use strict';","    var local;","","","","    // run shared js-env code - pre-init","    (function () {","        // init local","        local = {};","        // init modeJs","        local.modeJs = (function () {","            try {","                return typeof navigator.userAgent === 'string' &&","                    typeof document.querySelector('body') === 'object' &&","                    typeof XMLHttpRequest.prototype.open === 'function' &&","                    'browser';","            } catch (errorCaughtBrowser) {","                return module.exports &&","                    typeof process.versions.node === 'string' &&","                    typeof require('http').createServer === 'function' &&","                    'node';","            }","        }());","        // init global","        local.global = local.modeJs === 'browser'","            ? window","            : global;","        switch (local.modeJs) {","        // re-init local from window.local","        case 'browser':","            local = local.global.utility2.objectSetDefault(","                local.global.utility2_rollup || local.global.local,","                local.global.utility2","            );","            break;","        // re-init local from example.js","        case 'node':","            local = (local.global.utility2_rollup || require('utility2'))","                .requireExampleJsFromReadme();","            break;","        }","        // export local","        local.global.local = local;","    }());","","","","    // run shared js-env code - function","    (function () {","        return;","    }());","    switch (local.modeJs) {","","","","    // run browser js-env code - function","    case 'browser':","        break;","","","","    // run node js-env code - function","    case 'node':","        break;","    }","","","","    // run shared js-env code - post-init","    (function () {","        return;","    }());","    switch (local.modeJs) {","","","","    // run browser js-env code - post-init","    case 'browser':","        local.testCase_browser_nullCase = local.testCase_browser_nullCase || function (","            options,","            onError","        ) {","        /*","         * this function will test browsers's null-case handling-behavior-behavior","         */","            onError(null, options);","        };","","        // run tests","        local.nop(local.modeTest &&","            document.querySelector('#testRunButton1') &&","            document.querySelector('#testRunButton1').click());","        break;","","","","    // run node js-env code - post-init","    /* istanbul ignore next */","    case 'node':","        local.testCase_buildApidoc_default = local.testCase_buildApidoc_default || function (","            options,","            onError","        ) {","        /*","         * this function will test buildApidoc's default handling-behavior-behavior","         */","            options = { modulePathList: module.paths };","            local.buildApidoc(options, onError);","        };","","        local.testCase_buildApp_default = local.testCase_buildApp_default || function (","            options,","            onError","        ) {","        /*","         * this function will test buildApp's default handling-behavior-behavior","         */","            local.testCase_buildReadme_default(options, local.onErrorThrow);","            local.testCase_buildLib_default(options, local.onErrorThrow);","            local.testCase_buildTest_default(options, local.onErrorThrow);","            local.testCase_buildCustomOrg_default(options, local.onErrorThrow);","            options = [];","            local.buildApp(options, onError);","        };","","        local.testCase_buildCustomOrg_default = local.testCase_buildCustomOrg_default ||","            function (options, onError) {","            /*","             * this function will test buildCustomOrg's default handling-behavior","             */","                options = {};","                local.buildCustomOrg(options, onError);","            };","","        local.testCase_buildLib_default = local.testCase_buildLib_default || function (","            options,","            onError","        ) {","        /*","         * this function will test buildLib's default handling-behavior","         */","            options = {};","            local.buildLib(options, onError);","        };","","        local.testCase_buildReadme_default = local.testCase_buildReadme_default || function (","            options,","            onError","        ) {","        /*","         * this function will test buildReadme's default handling-behavior-behavior","         */","            options = {};","            local.buildReadme(options, onError);","        };","","        local.testCase_buildTest_default = local.testCase_buildTest_default || function (","            options,","            onError","        ) {","        /*","         * this function will test buildTest's default handling-behavior","         */","            options = {};","            local.buildTest(options, onError);","        };","","        local.testCase_webpage_default = local.testCase_webpage_default || function (","            options,","            onError","        ) {","        /*","         * this function will test webpage's default handling-behavior","         */","            options = { modeCoverageMerge: true, url: local.serverLocalHost + '?modeTest=1' };","            local.browserTest(options, onError);","        };","","        // run test-server","        local.testRunServer(local);","        break;","    }","}());",""],"l":{"12":2,"14":2,"19":2,"21":2,"23":2,"24":2,"25":2,"30":1,"37":2,"40":2,"43":1,"47":1,"50":1,"52":1,"55":2,"61":2,"62":2,"64":2,"70":1,"76":1,"82":2,"83":2,"85":2,"91":1,"98":1,"102":1,"105":1,"112":1,"119":1,"120":1,"123":1,"130":1,"131":1,"132":1,"133":1,"134":1,"135":1,"138":1,"143":2,"144":2,"147":1,"154":2,"155":2,"158":1,"165":2,"166":2,"169":1,"176":2,"177":2,"180":1,"187":1,"188":1,"192":1,"193":1}},"/home/travis/build/npmtest/node-npmtest-browserify-shim/lib.npmtest_browserify_shim.js":{"path":"/home/travis/build/npmtest/node-npmtest-browserify-shim/lib.npmtest_browserify_shim.js","s":{"1":2,"2":2,"3":2,"4":2,"5":2,"6":2,"7":2,"8":1,"9":2,"10":2,"11":2,"12":2,"13":1,"14":1,"15":1,"16":1},"b":{"1":[2,1,1,1],"2":[1,1,1,1],"3":[1,1],"4":[2,2],"5":[1,1]},"f":{"1":2,"2":2,"3":2},"fnMap":{"1":{"name":"(anonymous_1)","line":12,"loc":{"start":{"line":12,"column":1},"end":{"line":12,"column":13}}},"2":{"name":"(anonymous_2)","line":19,"loc":{"start":{"line":19,"column":5},"end":{"line":19,"column":17}}},"3":{"name":"(anonymous_3)","line":23,"loc":{"start":{"line":23,"column":24},"end":{"line":23,"column":36}}}},"statementMap":{"1":{"start":{"line":12,"column":0},"end":{"line":53,"column":5}},"2":{"start":{"line":14,"column":4},"end":{"line":14,"column":14}},"3":{"start":{"line":19,"column":4},"end":{"line":52,"column":9}},"4":{"start":{"line":21,"column":8},"end":{"line":21,"column":19}},"5":{"start":{"line":23,"column":8},"end":{"line":35,"column":13}},"6":{"start":{"line":24,"column":12},"end":{"line":34,"column":13}},"7":{"start":{"line":25,"column":16},"end":{"line":28,"column":30}},"8":{"start":{"line":30,"column":16},"end":{"line":33,"column":27}},"9":{"start":{"line":37,"column":8},"end":{"line":39,"column":21}},"10":{"start":{"line":41,"column":8},"end":{"line":41,"column":54}},"11":{"start":{"line":43,"column":8},"end":{"line":43,"column":60}},"12":{"start":{"line":45,"column":8},"end":{"line":51,"column":9}},"13":{"start":{"line":46,"column":12},"end":{"line":46,"column":66}},"14":{"start":{"line":48,"column":12},"end":{"line":48,"column":35}},"15":{"start":{"line":49,"column":12},"end":{"line":49,"column":49}},"16":{"start":{"line":50,"column":12},"end":{"line":50,"column":43}}},"branchMap":{"1":{"line":25,"type":"binary-expr","locations":[{"start":{"line":25,"column":23},"end":{"line":25,"column":62}},{"start":{"line":26,"column":20},"end":{"line":26,"column":70}},{"start":{"line":27,"column":20},"end":{"line":27,"column":71}},{"start":{"line":28,"column":20},"end":{"line":28,"column":29}}]},"2":{"line":30,"type":"binary-expr","locations":[{"start":{"line":30,"column":23},"end":{"line":30,"column":37}},{"start":{"line":31,"column":20},"end":{"line":31,"column":61}},{"start":{"line":32,"column":20},"end":{"line":32,"column":70}},{"start":{"line":33,"column":20},"end":{"line":33,"column":26}}]},"3":{"line":37,"type":"cond-expr","locations":[{"start":{"line":38,"column":14},"end":{"line":38,"column":20}},{"start":{"line":39,"column":14},"end":{"line":39,"column":20}}]},"4":{"line":41,"type":"binary-expr","locations":[{"start":{"line":41,"column":16},"end":{"line":41,"column":44}},{"start":{"line":41,"column":48},"end":{"line":41,"column":53}}]},"5":{"line":45,"type":"if","locations":[{"start":{"line":45,"column":8},"end":{"line":45,"column":8}},{"start":{"line":45,"column":8},"end":{"line":45,"column":8}}]}},"code":["/* istanbul instrument in package npmtest_browserify_shim */","/*jslint","    bitwise: true,","    browser: true,","    maxerr: 8,","    maxlen: 96,","    node: true,","    nomen: true,","    regexp: true,","    stupid: true","*/","(function () {","    'use strict';","    var local;","","","","    // run shared js-env code - pre-init","    (function () {","        // init local","        local = {};","        // init modeJs","        local.modeJs = (function () {","            try {","                return typeof navigator.userAgent === 'string' &&","                    typeof document.querySelector('body') === 'object' &&","                    typeof XMLHttpRequest.prototype.open === 'function' &&","                    'browser';","            } catch (errorCaughtBrowser) {","                return module.exports &&","                    typeof process.versions.node === 'string' &&","                    typeof require('http').createServer === 'function' &&","                    'node';","            }","        }());","        // init global","        local.global = local.modeJs === 'browser'","            ? window","            : global;","        // init utility2_rollup","        local = local.global.utility2_rollup || local;","        // init lib","        local.local = local.npmtest_browserify_shim = local;","        // init exports","        if (local.modeJs === 'browser') {","            local.global.utility2_npmtest_browserify_shim = local;","        } else {","            module.exports = local;","            module.exports.__dirname = __dirname;","            module.exports.module = module;","        }","    }());","}());",""],"l":{"12":2,"14":2,"19":2,"21":2,"23":2,"24":2,"25":2,"30":1,"37":2,"41":2,"43":2,"45":2,"46":1,"48":1,"49":1,"50":1}},"/home/travis/build/npmtest/node-npmtest-browserify-shim/example.js":{"path":"/home/travis/build/npmtest/node-npmtest-browserify-shim/example.js","s":{"1":2,"2":2,"3":2,"4":2,"5":2,"6":2,"7":2,"8":1,"9":2,"10":2,"11":2,"12":2,"13":1,"14":2,"15":2,"16":2,"17":2,"18":2,"19":0,"20":2,"21":1,"22":1,"23":1,"24":1,"25":1,"26":0,"27":0,"28":1,"29":1,"30":2,"31":0,"32":0,"33":0,"34":1,"35":2,"36":2,"37":3,"38":3,"39":3,"40":3,"41":0,"42":3,"43":3,"44":3,"45":1,"46":3,"47":1,"48":1,"49":1,"50":1,"51":1,"52":1,"53":1,"54":1,"55":1,"56":1,"57":0,"58":1,"59":6,"60":6,"61":1,"62":2,"63":0,"64":2,"65":1,"66":1,"67":0,"68":0,"69":0,"70":0,"71":0,"72":0,"73":0,"74":0,"75":0,"76":0,"77":0,"78":0,"79":0,"80":0,"81":0,"82":0,"83":0},"b":{"1":[2,1,1,1],"2":[1,1,1,1],"3":[1,1],"4":[2,2],"5":[1,1],"6":[1,1],"7":[2,0],"8":[2,1,1,1,1,1],"9":[0,2,0],"10":[1,1],"11":[2,1,1],"12":[1,0],"13":[0,2],"14":[2,0,0,0,0,0,0],"15":[0,3],"16":[3,0],"17":[1,1],"18":[0,1],"19":[1,2,0,2],"20":[1,0],"21":[1,1],"22":[0,0],"23":[0,0],"24":[0,0],"25":[0,0],"26":[0,0],"27":[0,0],"28":[0,0]},"f":{"1":2,"2":2,"3":2,"4":2,"5":2,"6":2,"7":3,"8":3,"9":3,"10":1,"11":6,"12":0},"fnMap":{"1":{"name":"(anonymous_1)","line":26,"loc":{"start":{"line":26,"column":1},"end":{"line":26,"column":13}}},"2":{"name":"(anonymous_2)","line":33,"loc":{"start":{"line":33,"column":5},"end":{"line":33,"column":17}}},"3":{"name":"(anonymous_3)","line":37,"loc":{"start":{"line":37,"column":24},"end":{"line":37,"column":36}}},"4":{"name":"(anonymous_4)","line":69,"loc":{"start":{"line":69,"column":31},"end":{"line":69,"column":48}},"skip":true},"5":{"name":"(anonymous_5)","line":78,"loc":{"start":{"line":78,"column":26},"end":{"line":78,"column":45}},"skip":true},"6":{"name":"(anonymous_6)","line":123,"loc":{"start":{"line":123,"column":33},"end":{"line":123,"column":48}},"skip":true},"7":{"name":"(anonymous_7)","line":125,"loc":{"start":{"line":125,"column":27},"end":{"line":125,"column":39}},"skip":true},"8":{"name":"(anonymous_8)","line":133,"loc":{"start":{"line":133,"column":59},"end":{"line":133,"column":74}},"skip":true},"9":{"name":"(anonymous_9)","line":143,"loc":{"start":{"line":143,"column":45},"end":{"line":143,"column":62}},"skip":true},"10":{"name":"(anonymous_10)","line":144,"loc":{"start":{"line":144,"column":73},"end":{"line":144,"column":92}},"skip":true},"11":{"name":"(anonymous_11)","line":272,"loc":{"start":{"line":272,"column":51},"end":{"line":272,"column":77}},"skip":true},"12":{"name":"(anonymous_12)","line":315,"loc":{"start":{"line":315,"column":32},"end":{"line":315,"column":61}},"skip":true}},"statementMap":{"1":{"start":{"line":26,"column":0},"end":{"line":326,"column":5}},"2":{"start":{"line":28,"column":4},"end":{"line":28,"column":14}},"3":{"start":{"line":33,"column":4},"end":{"line":60,"column":9}},"4":{"start":{"line":35,"column":8},"end":{"line":35,"column":19}},"5":{"start":{"line":37,"column":8},"end":{"line":49,"column":13}},"6":{"start":{"line":38,"column":12},"end":{"line":48,"column":13}},"7":{"start":{"line":39,"column":16},"end":{"line":42,"column":30}},"8":{"start":{"line":44,"column":16},"end":{"line":47,"column":27}},"9":{"start":{"line":51,"column":8},"end":{"line":53,"column":21}},"10":{"start":{"line":55,"column":8},"end":{"line":57,"column":45}},"11":{"start":{"line":59,"column":8},"end":{"line":59,"column":35}},"12":{"start":{"line":61,"column":4},"end":{"line":325,"column":5}},"13":{"start":{"line":69,"column":8},"end":{"line":121,"column":10},"skip":true},"14":{"start":{"line":70,"column":12},"end":{"line":88,"column":13},"skip":true},"15":{"start":{"line":76,"column":16},"end":{"line":87,"column":19},"skip":true},"16":{"start":{"line":79,"column":20},"end":{"line":86,"column":21},"skip":true},"17":{"start":{"line":82,"column":24},"end":{"line":82,"column":43},"skip":true},"18":{"start":{"line":83,"column":24},"end":{"line":83,"column":30},"skip":true},"19":{"start":{"line":85,"column":24},"end":{"line":85,"column":49},"skip":true},"20":{"start":{"line":89,"column":12},"end":{"line":107,"column":13},"skip":true},"21":{"start":{"line":92,"column":16},"end":{"line":102,"column":17},"skip":true},"22":{"start":{"line":93,"column":20},"end":{"line":93,"column":86},"skip":true},"23":{"start":{"line":94,"column":20},"end":{"line":95,"column":45},"skip":true},"24":{"start":{"line":96,"column":20},"end":{"line":96,"column":42},"skip":true},"25":{"start":{"line":97,"column":20},"end":{"line":97,"column":48},"skip":true},"26":{"start":{"line":100,"column":20},"end":{"line":100,"column":85},"skip":true},"27":{"start":{"line":101,"column":20},"end":{"line":101,"column":96},"skip":true},"28":{"start":{"line":103,"column":16},"end":{"line":103,"column":22},"skip":true},"29":{"start":{"line":106,"column":16},"end":{"line":106,"column":22},"skip":true},"30":{"start":{"line":108,"column":12},"end":{"line":120,"column":13},"skip":true},"31":{"start":{"line":114,"column":16},"end":{"line":119,"column":17},"skip":true},"32":{"start":{"line":116,"column":20},"end":{"line":116,"column":78},"skip":true},"33":{"start":{"line":118,"column":20},"end":{"line":118,"column":47},"skip":true},"34":{"start":{"line":123,"column":8},"end":{"line":141,"column":11},"skip":true},"35":{"start":{"line":124,"column":12},"end":{"line":124,"column":54},"skip":true},"36":{"start":{"line":125,"column":12},"end":{"line":140,"column":14},"skip":true},"37":{"start":{"line":126,"column":16},"end":{"line":126,"column":28},"skip":true},"38":{"start":{"line":127,"column":16},"end":{"line":127,"column":69},"skip":true},"39":{"start":{"line":128,"column":16},"end":{"line":128,"column":75},"skip":true},"40":{"start":{"line":129,"column":16},"end":{"line":131,"column":17},"skip":true},"41":{"start":{"line":130,"column":20},"end":{"line":130,"column":27},"skip":true},"42":{"start":{"line":133,"column":16},"end":{"line":137,"column":36},"skip":true},"43":{"start":{"line":134,"column":20},"end":{"line":136,"column":55},"skip":true},"44":{"start":{"line":139,"column":16},"end":{"line":139,"column":57},"skip":true},"45":{"start":{"line":143,"column":8},"end":{"line":147,"column":11},"skip":true},"46":{"start":{"line":144,"column":12},"end":{"line":146,"column":15},"skip":true},"47":{"start":{"line":145,"column":16},"end":{"line":145,"column":70},"skip":true},"48":{"start":{"line":149,"column":8},"end":{"line":149,"column":31},"skip":true},"49":{"start":{"line":150,"column":8},"end":{"line":150,"column":14},"skip":true},"50":{"start":{"line":158,"column":8},"end":{"line":158,"column":31},"skip":true},"51":{"start":{"line":160,"column":8},"end":{"line":160,"column":33},"skip":true},"52":{"start":{"line":161,"column":8},"end":{"line":161,"column":37},"skip":true},"53":{"start":{"line":162,"column":8},"end":{"line":162,"column":35},"skip":true},"54":{"start":{"line":164,"column":8},"end":{"line":164,"column":50},"skip":true},"55":{"start":{"line":166,"column":8},"end":{"line":256,"column":2},"skip":true},"56":{"start":{"line":258,"column":8},"end":{"line":286,"column":9},"skip":true},"57":{"start":{"line":259,"column":12},"end":{"line":269,"column":14},"skip":true},"58":{"start":{"line":271,"column":12},"end":{"line":285,"column":19},"skip":true},"59":{"start":{"line":274,"column":20},"end":{"line":274,"column":35},"skip":true},"60":{"start":{"line":275,"column":20},"end":{"line":284,"column":21},"skip":true},"61":{"start":{"line":277,"column":24},"end":{"line":277,"column":64},"skip":true},"62":{"start":{"line":279,"column":24},"end":{"line":279,"column":40},"skip":true},"63":{"start":{"line":281,"column":24},"end":{"line":281,"column":40},"skip":true},"64":{"start":{"line":283,"column":24},"end":{"line":283,"column":39},"skip":true},"65":{"start":{"line":288,"column":8},"end":{"line":290,"column":9},"skip":true},"66":{"start":{"line":289,"column":12},"end":{"line":289,"column":18},"skip":true},"67":{"start":{"line":291,"column":8},"end":{"line":293,"column":54},"skip":true},"68":{"start":{"line":296,"column":8},"end":{"line":301,"column":37},"skip":true},"69":{"start":{"line":303,"column":8},"end":{"line":303,"column":82},"skip":true},"70":{"start":{"line":306,"column":8},"end":{"line":308,"column":9},"skip":true},"71":{"start":{"line":307,"column":12},"end":{"line":307,"column":82},"skip":true},"72":{"start":{"line":310,"column":8},"end":{"line":312,"column":9},"skip":true},"73":{"start":{"line":311,"column":12},"end":{"line":311,"column":18},"skip":true},"74":{"start":{"line":313,"column":8},"end":{"line":313,"column":54},"skip":true},"75":{"start":{"line":314,"column":8},"end":{"line":314,"column":69},"skip":true},"76":{"start":{"line":315,"column":8},"end":{"line":323,"column":36},"skip":true},"77":{"start":{"line":316,"column":12},"end":{"line":316,"column":61},"skip":true},"78":{"start":{"line":317,"column":12},"end":{"line":320,"column":13},"skip":true},"79":{"start":{"line":318,"column":16},"end":{"line":318,"column":75},"skip":true},"80":{"start":{"line":319,"column":16},"end":{"line":319,"column":23},"skip":true},"81":{"start":{"line":321,"column":12},"end":{"line":321,"column":38},"skip":true},"82":{"start":{"line":322,"column":12},"end":{"line":322,"column":27},"skip":true},"83":{"start":{"line":324,"column":8},"end":{"line":324,"column":14},"skip":true}},"branchMap":{"1":{"line":39,"type":"binary-expr","locations":[{"start":{"line":39,"column":23},"end":{"line":39,"column":62}},{"start":{"line":40,"column":20},"end":{"line":40,"column":70}},{"start":{"line":41,"column":20},"end":{"line":41,"column":71}},{"start":{"line":42,"column":20},"end":{"line":42,"column":29}}]},"2":{"line":44,"type":"binary-expr","locations":[{"start":{"line":44,"column":23},"end":{"line":44,"column":37}},{"start":{"line":45,"column":20},"end":{"line":45,"column":61}},{"start":{"line":46,"column":20},"end":{"line":46,"column":70}},{"start":{"line":47,"column":20},"end":{"line":47,"column":26}}]},"3":{"line":51,"type":"cond-expr","locations":[{"start":{"line":52,"column":14},"end":{"line":52,"column":20}},{"start":{"line":53,"column":14},"end":{"line":53,"column":20}}]},"4":{"line":55,"type":"binary-expr","locations":[{"start":{"line":55,"column":16},"end":{"line":55,"column":44}},{"start":{"line":55,"column":49},"end":{"line":57,"column":43}}]},"5":{"line":55,"type":"cond-expr","locations":[{"start":{"line":56,"column":14},"end":{"line":56,"column":59}},{"start":{"line":57,"column":14},"end":{"line":57,"column":43}}]},"6":{"line":61,"type":"switch","locations":[{"start":{"line":68,"column":4},"end":{"line":150,"column":14},"skip":true},{"start":{"line":156,"column":4},"end":{"line":324,"column":14},"skip":true}]},"7":{"line":70,"type":"if","locations":[{"start":{"line":70,"column":12},"end":{"line":70,"column":12},"skip":true},{"start":{"line":70,"column":12},"end":{"line":70,"column":12},"skip":true}]},"8":{"line":70,"type":"binary-expr","locations":[{"start":{"line":70,"column":16},"end":{"line":70,"column":22},"skip":true},{"start":{"line":70,"column":27},"end":{"line":70,"column":32},"skip":true},{"start":{"line":71,"column":20},"end":{"line":71,"column":39},"skip":true},{"start":{"line":72,"column":20},"end":{"line":72,"column":49},"skip":true},{"start":{"line":73,"column":20},"end":{"line":73,"column":58},"skip":true},{"start":{"line":74,"column":20},"end":{"line":74,"column":69},"skip":true}]},"9":{"line":79,"type":"switch","locations":[{"start":{"line":80,"column":20},"end":{"line":80,"column":33},"skip":true},{"start":{"line":81,"column":20},"end":{"line":83,"column":30},"skip":true},{"start":{"line":84,"column":20},"end":{"line":85,"column":49},"skip":true}]},"10":{"line":89,"type":"switch","locations":[{"start":{"line":90,"column":12},"end":{"line":103,"column":22},"skip":true},{"start":{"line":105,"column":12},"end":{"line":106,"column":22},"skip":true}]},"11":{"line":89,"type":"binary-expr","locations":[{"start":{"line":89,"column":20},"end":{"line":89,"column":25},"skip":true},{"start":{"line":89,"column":29},"end":{"line":89,"column":48},"skip":true},{"start":{"line":89,"column":52},"end":{"line":89,"column":74},"skip":true}]},"12":{"line":92,"type":"if","locations":[{"start":{"line":92,"column":16},"end":{"line":92,"column":16},"skip":true},{"start":{"line":92,"column":16},"end":{"line":92,"column":16},"skip":true}]},"13":{"line":108,"type":"if","locations":[{"start":{"line":108,"column":12},"end":{"line":108,"column":12},"skip":true},{"start":{"line":108,"column":12},"end":{"line":108,"column":12},"skip":true}]},"14":{"line":108,"type":"binary-expr","locations":[{"start":{"line":108,"column":16},"end":{"line":108,"column":61},"skip":true},{"start":{"line":108,"column":66},"end":{"line":108,"column":72},"skip":true},{"start":{"line":108,"column":77},"end":{"line":108,"column":82},"skip":true},{"start":{"line":109,"column":20},"end":{"line":109,"column":39},"skip":true},{"start":{"line":110,"column":20},"end":{"line":110,"column":49},"skip":true},{"start":{"line":111,"column":20},"end":{"line":111,"column":58},"skip":true},{"start":{"line":112,"column":20},"end":{"line":112,"column":68},"skip":true}]},"15":{"line":129,"type":"if","locations":[{"start":{"line":129,"column":16},"end":{"line":129,"column":16},"skip":true},{"start":{"line":129,"column":16},"end":{"line":129,"column":16},"skip":true}]},"16":{"line":134,"type":"cond-expr","locations":[{"start":{"line":135,"column":26},"end":{"line":135,"column":29},"skip":true},{"start":{"line":136,"column":26},"end":{"line":136,"column":54},"skip":true}]},"17":{"line":164,"type":"binary-expr","locations":[{"start":{"line":164,"column":27},"end":{"line":164,"column":43},"skip":true},{"start":{"line":164,"column":47},"end":{"line":164,"column":49},"skip":true}]},"18":{"line":258,"type":"if","locations":[{"start":{"line":258,"column":8},"end":{"line":258,"column":8},"skip":true},{"start":{"line":258,"column":8},"end":{"line":258,"column":8},"skip":true}]},"19":{"line":275,"type":"switch","locations":[{"start":{"line":276,"column":20},"end":{"line":277,"column":64},"skip":true},{"start":{"line":278,"column":20},"end":{"line":279,"column":40},"skip":true},{"start":{"line":280,"column":20},"end":{"line":281,"column":40},"skip":true},{"start":{"line":282,"column":20},"end":{"line":283,"column":39},"skip":true}]},"20":{"line":288,"type":"if","locations":[{"start":{"line":288,"column":8},"end":{"line":288,"column":8},"skip":true},{"start":{"line":288,"column":8},"end":{"line":288,"column":8},"skip":true}]},"21":{"line":288,"type":"binary-expr","locations":[{"start":{"line":288,"column":12},"end":{"line":288,"column":40},"skip":true},{"start":{"line":288,"column":44},"end":{"line":288,"column":67},"skip":true}]},"22":{"line":292,"type":"binary-expr","locations":[{"start":{"line":292,"column":12},"end":{"line":292,"column":50},"skip":true},{"start":{"line":293,"column":12},"end":{"line":293,"column":53},"skip":true}]},"23":{"line":297,"type":"binary-expr","locations":[{"start":{"line":297,"column":12},"end":{"line":297,"column":73},"skip":true},{"start":{"line":298,"column":12},"end":{"line":301,"column":36},"skip":true}]},"24":{"line":303,"type":"binary-expr","locations":[{"start":{"line":303,"column":43},"end":{"line":303,"column":75},"skip":true},{"start":{"line":303,"column":79},"end":{"line":303,"column":81},"skip":true}]},"25":{"line":306,"type":"if","locations":[{"start":{"line":306,"column":8},"end":{"line":306,"column":8},"skip":true},{"start":{"line":306,"column":8},"end":{"line":306,"column":8},"skip":true}]},"26":{"line":310,"type":"if","locations":[{"start":{"line":310,"column":8},"end":{"line":310,"column":8},"skip":true},{"start":{"line":310,"column":8},"end":{"line":310,"column":8},"skip":true}]},"27":{"line":313,"type":"binary-expr","locations":[{"start":{"line":313,"column":27},"end":{"line":313,"column":43},"skip":true},{"start":{"line":313,"column":47},"end":{"line":313,"column":53},"skip":true}]},"28":{"line":317,"type":"if","locations":[{"start":{"line":317,"column":12},"end":{"line":317,"column":12},"skip":true},{"start":{"line":317,"column":12},"end":{"line":317,"column":12},"skip":true}]}},"code":["/*","example.js","","quickstart example","","instruction","    1. save this script as example.js","    2. run the shell command:","        $ npm install npmtest-browserify-shim && PORT=8081 node example.js","    3. play with the browser-demo on http://127.0.0.1:8081","*/","","","","/* istanbul instrument in package npmtest_browserify_shim */","/*jslint","    bitwise: true,","    browser: true,","    maxerr: 8,","    maxlen: 96,","    node: true,","    nomen: true,","    regexp: true,","    stupid: true","*/","(function () {","    'use strict';","    var local;","","","","    // run shared js-env code - pre-init","    (function () {","        // init local","        local = {};","        // init modeJs","        local.modeJs = (function () {","            try {","                return typeof navigator.userAgent === 'string' &&","                    typeof document.querySelector('body') === 'object' &&","                    typeof XMLHttpRequest.prototype.open === 'function' &&","                    'browser';","            } catch (errorCaughtBrowser) {","                return module.exports &&","                    typeof process.versions.node === 'string' &&","                    typeof require('http').createServer === 'function' &&","                    'node';","            }","        }());","        // init global","        local.global = local.modeJs === 'browser'","            ? window","            : global;","        // init utility2_rollup","        local = local.global.utility2_rollup || (local.modeJs === 'browser'","            ? local.global.utility2_npmtest_browserify_shim","            : global.utility2_moduleExports);","        // export local","        local.global.local = local;","    }());","    switch (local.modeJs) {","","","","    // post-init","    // run browser js-env code - post-init","    /* istanbul ignore next */","    case 'browser':","        local.testRunBrowser = function (event) {","            if (!event || (event &&","                    event.currentTarget &&","                    event.currentTarget.className &&","                    event.currentTarget.className.includes &&","                    event.currentTarget.className.includes('onreset'))) {","                // reset output","                Array.from(","                    document.querySelectorAll('body > .resettable')","                ).forEach(function (element) {","                    switch (element.tagName) {","                    case 'INPUT':","                    case 'TEXTAREA':","                        element.value = '';","                        break;","                    default:","                        element.textContent = '';","                    }","                });","            }","            switch (event && event.currentTarget && event.currentTarget.id) {","            case 'testRunButton1':","                // show tests","                if (document.querySelector('#testReportDiv1').style.display === 'none') {","                    document.querySelector('#testReportDiv1').style.display = 'block';","                    document.querySelector('#testRunButton1').textContent =","                        'hide internal test';","                    local.modeTest = true;","                    local.testRunDefault(local);","                // hide tests","                } else {","                    document.querySelector('#testReportDiv1').style.display = 'none';","                    document.querySelector('#testRunButton1').textContent = 'run internal test';","                }","                break;","            // custom-case","            default:","                break;","            }","            if (document.querySelector('#inputTextareaEval1') && (!event || (event &&","                    event.currentTarget &&","                    event.currentTarget.className &&","                    event.currentTarget.className.includes &&","                    event.currentTarget.className.includes('oneval')))) {","                // try to eval input-code","                try {","                    /*jslint evil: true*/","                    eval(document.querySelector('#inputTextareaEval1').value);","                } catch (errorCaught) {","                    console.error(errorCaught);","                }","            }","        };","        // log stderr and stdout to #outputTextareaStdout1","        ['error', 'log'].forEach(function (key) {","            console[key + '_original'] = console[key];","            console[key] = function () {","                var element;","                console[key + '_original'].apply(console, arguments);","                element = document.querySelector('#outputTextareaStdout1');","                if (!element) {","                    return;","                }","                // append text to #outputTextareaStdout1","                element.value += Array.from(arguments).map(function (arg) {","                    return typeof arg === 'string'","                        ? arg","                        : JSON.stringify(arg, null, 4);","                }).join(' ') + '\\n';","                // scroll textarea to bottom","                element.scrollTop = element.scrollHeight;","            };","        });","        // init event-handling","        ['change', 'click', 'keyup'].forEach(function (event) {","            Array.from(document.querySelectorAll('.on' + event)).forEach(function (element) {","                element.addEventListener(event, local.testRunBrowser);","            });","        });","        // run tests","        local.testRunBrowser();","        break;","","","","    // run node js-env code - post-init","    /* istanbul ignore next */","    case 'node':","        // export local","        module.exports = local;","        // require modules","        local.fs = require('fs');","        local.http = require('http');","        local.url = require('url');","        // init assets","        local.assetsDict = local.assetsDict || {};","        /* jslint-ignore-begin */","        local.assetsDict['/assets.index.template.html'] = '\\","<!doctype html>\\n\\","<html lang=\"en\">\\n\\","<head>\\n\\","<meta charset=\"UTF-8\">\\n\\","<meta name=\"viewport\" content=\"width=device-width, initial-scale=1\">\\n\\","<title>{{env.npm_package_name}} (v{{env.npm_package_version}})</title>\\n\\","<style>\\n\\","/*csslint\\n\\","    box-sizing: false,\\n\\","    universal-selector: false\\n\\","*/\\n\\","* {\\n\\","    box-sizing: border-box;\\n\\","}\\n\\","body {\\n\\","    background: #dde;\\n\\","    font-family: Arial, Helvetica, sans-serif;\\n\\","    margin: 2rem;\\n\\","}\\n\\","body > * {\\n\\","    margin-bottom: 1rem;\\n\\","}\\n\\",".utility2FooterDiv {\\n\\","    margin-top: 20px;\\n\\","    text-align: center;\\n\\","}\\n\\","</style>\\n\\","<style>\\n\\","/*csslint\\n\\","*/\\n\\","textarea {\\n\\","    font-family: monospace;\\n\\","    height: 10rem;\\n\\","    width: 100%;\\n\\","}\\n\\","textarea[readonly] {\\n\\","    background: #ddd;\\n\\","}\\n\\","</style>\\n\\","</head>\\n\\","<body>\\n\\","<!-- utility2-comment\\n\\","<div id=\"ajaxProgressDiv1\" style=\"background: #d00; height: 2px; left: 0; margin: 0; padding: 0; position: fixed; top: 0; transition: background 0.5s, width 1.5s; width: 25%;\"></div>\\n\\","utility2-comment -->\\n\\","<h1>\\n\\","<!-- utility2-comment\\n\\","    <a\\n\\","        {{#if env.npm_package_homepage}}\\n\\","        href=\"{{env.npm_package_homepage}}\"\\n\\","        {{/if env.npm_package_homepage}}\\n\\","        target=\"_blank\"\\n\\","    >\\n\\","utility2-comment -->\\n\\","        {{env.npm_package_name}} (v{{env.npm_package_version}})\\n\\","<!-- utility2-comment\\n\\","    </a>\\n\\","utility2-comment -->\\n\\","</h1>\\n\\","<h3>{{env.npm_package_description}}</h3>\\n\\","<!-- utility2-comment\\n\\","<h4><a download href=\"assets.app.js\">download standalone app</a></h4>\\n\\","<button class=\"onclick onreset\" id=\"testRunButton1\">run internal test</button><br>\\n\\","<div id=\"testReportDiv1\" style=\"display: none;\"></div>\\n\\","utility2-comment -->\\n\\","\\n\\","\\n\\","\\n\\","<label>stderr and stdout</label>\\n\\","<textarea class=\"resettable\" id=\"outputTextareaStdout1\" readonly></textarea>\\n\\","<!-- utility2-comment\\n\\","{{#if isRollup}}\\n\\","<script src=\"assets.app.js\"></script>\\n\\","{{#unless isRollup}}\\n\\","utility2-comment -->\\n\\","<script src=\"assets.utility2.rollup.js\"></script>\\n\\","<script src=\"jsonp.utility2._stateInit?callback=window.utility2._stateInit\"></script>\\n\\","<script src=\"assets.npmtest_browserify_shim.rollup.js\"></script>\\n\\","<script src=\"assets.example.js\"></script>\\n\\","<script src=\"assets.test.js\"></script>\\n\\","<!-- utility2-comment\\n\\","{{/if isRollup}}\\n\\","utility2-comment -->\\n\\","<div class=\"utility2FooterDiv\">\\n\\","    [ this app was created with\\n\\","    <a href=\"https://github.com/kaizhu256/node-utility2\" target=\"_blank\">utility2</a>\\n\\","    ]\\n\\","</div>\\n\\","</body>\\n\\","</html>\\n\\","';","        /* jslint-ignore-end */","        if (local.templateRender) {","            local.assetsDict['/'] = local.templateRender(","                local.assetsDict['/assets.index.template.html'],","                {","                    env: local.objectSetDefault(local.env, {","                        npm_package_description: 'the greatest app in the world!',","                        npm_package_name: 'my-app',","                        npm_package_nameAlias: 'my_app',","                        npm_package_version: '0.0.1'","                    })","                }","            );","        } else {","            local.assetsDict['/'] = local.assetsDict['/assets.index.template.html']","                .replace((/\\{\\{env\\.(\\w+?)\\}\\}/g), function (match0, match1) {","                    // jslint-hack","                    String(match0);","                    switch (match1) {","                    case 'npm_package_description':","                        return 'the greatest app in the world!';","                    case 'npm_package_name':","                        return 'my-app';","                    case 'npm_package_nameAlias':","                        return 'my_app';","                    case 'npm_package_version':","                        return '0.0.1';","                    }","                });","        }","        // run the cli","        if (local.global.utility2_rollup || module !== require.main) {","            break;","        }","        local.assetsDict['/assets.example.js'] =","            local.assetsDict['/assets.example.js'] ||","            local.fs.readFileSync(__filename, 'utf8');","        // bug-workaround - long $npm_package_buildCustomOrg","        /* jslint-ignore-begin */","        local.assetsDict['/assets.npmtest_browserify_shim.rollup.js'] =","            local.assetsDict['/assets.npmtest_browserify_shim.rollup.js'] ||","            local.fs.readFileSync(","                local.npmtest_browserify_shim.__dirname + '/lib.npmtest_browserify_shim.js',","                'utf8'","            ).replace((/^#!/), '//');","        /* jslint-ignore-end */","        local.assetsDict['/favicon.ico'] = local.assetsDict['/favicon.ico'] || '';","        // if $npm_config_timeout_exit exists,","        // then exit this process after $npm_config_timeout_exit ms","        if (Number(process.env.npm_config_timeout_exit)) {","            setTimeout(process.exit, Number(process.env.npm_config_timeout_exit));","        }","        // start server","        if (local.global.utility2_serverHttp1) {","            break;","        }","        process.env.PORT = process.env.PORT || '8081';","        console.error('server starting on port ' + process.env.PORT);","        local.http.createServer(function (request, response) {","            request.urlParsed = local.url.parse(request.url);","            if (local.assetsDict[request.urlParsed.pathname] !== undefined) {","                response.end(local.assetsDict[request.urlParsed.pathname]);","                return;","            }","            response.statusCode = 404;","            response.end();","        }).listen(process.env.PORT);","        break;","    }","}());",""],"l":{"26":2,"28":2,"33":2,"35":2,"37":2,"38":2,"39":2,"44":1,"51":2,"55":2,"59":2,"61":2,"69":1,"70":2,"76":2,"79":2,"82":2,"83":2,"85":1,"89":2,"92":1,"93":1,"94":1,"96":1,"97":1,"100":1,"101":1,"103":1,"106":1,"108":2,"114":1,"116":1,"118":1,"123":1,"124":2,"125":2,"126":3,"127":3,"128":3,"129":3,"130":1,"133":3,"134":3,"139":3,"143":1,"144":3,"145":1,"149":1,"150":1,"158":1,"160":1,"161":1,"162":1,"164":1,"166":1,"258":1,"259":1,"271":1,"274":6,"275":6,"277":1,"279":2,"281":1,"283":2,"288":1,"289":1,"291":1,"296":1,"303":1,"306":1,"307":1,"310":1,"311":1,"313":1,"314":1,"315":1,"316":1,"317":1,"318":1,"319":1,"321":1,"322":1,"324":1}},"/home/travis/build/npmtest/node-npmtest-browserify-shim/node_modules/browserify-shim/index.js":{"path":"/home/travis/build/npmtest/node-npmtest-browserify-shim/node_modules/browserify-shim/index.js","s":{"1":1,"2":1,"3":1,"4":0,"5":0,"6":1,"7":0,"8":0,"9":0,"10":0,"11":0,"12":1,"13":0,"14":0,"15":0,"16":0,"17":1,"18":0,"19":1,"20":0,"21":1,"22":0,"23":1,"24":0,"25":0,"26":1,"27":0,"28":0,"29":0,"30":1,"31":0,"32":1,"33":0,"34":0,"35":0,"36":0,"37":0,"38":0,"39":0,"40":0,"41":0,"42":0,"43":0,"44":0,"45":0,"46":0,"47":0,"48":0},"b":{"1":[0,0],"2":[0,0],"3":[0,0],"4":[0,0],"5":[0,0],"6":[0,0],"7":[0,0],"8":[0,0],"9":[0,0],"10":[0,0],"11":[0,0],"12":[0,0],"13":[0,0],"14":[0,0]},"f":{"1":0,"2":0,"3":0,"4":0,"5":0,"6":0,"7":0,"8":0,"9":0,"10":0,"11":0,"12":0},"fnMap":{"1":{"name":"requireDependencies","line":15,"loc":{"start":{"line":15,"column":0},"end":{"line":15,"column":81}}},"2":{"name":"customResolve","line":18,"loc":{"start":{"line":18,"column":2},"end":{"line":18,"column":29}}},"3":{"name":"noResolve","line":45,"loc":{"start":{"line":45,"column":2},"end":{"line":45,"column":24}}},"4":{"name":"(anonymous_4)","line":54,"loc":{"start":{"line":54,"column":6},"end":{"line":54,"column":26}}},"5":{"name":"bindWindowWithExports","line":69,"loc":{"start":{"line":69,"column":0},"end":{"line":69,"column":48}}},"6":{"name":"bindWindowWithoutExports","line":132,"loc":{"start":{"line":132,"column":0},"end":{"line":132,"column":51}}},"7":{"name":"moduleExport","line":143,"loc":{"start":{"line":143,"column":0},"end":{"line":143,"column":27}}},"8":{"name":"wrap","line":147,"loc":{"start":{"line":147,"column":0},"end":{"line":147,"column":60}}},"9":{"name":"shim","line":159,"loc":{"start":{"line":159,"column":17},"end":{"line":159,"column":37}}},"10":{"name":"write","line":164,"loc":{"start":{"line":164,"column":2},"end":{"line":164,"column":22}}},"11":{"name":"end","line":165,"loc":{"start":{"line":165,"column":2},"end":{"line":165,"column":17}}},"12":{"name":"(anonymous_12)","line":167,"loc":{"start":{"line":167,"column":33},"end":{"line":167,"column":54}}}},"statementMap":{"1":{"start":{"line":3,"column":0},"end":{"line":11,"column":42}},"2":{"start":{"line":13,"column":0},"end":{"line":13,"column":48}},"3":{"start":{"line":15,"column":0},"end":{"line":67,"column":1}},"4":{"start":{"line":16,"column":2},"end":{"line":16,"column":26}},"5":{"start":{"line":16,"column":16},"end":{"line":16,"column":26}},"6":{"start":{"line":18,"column":2},"end":{"line":43,"column":3}},"7":{"start":{"line":22,"column":4},"end":{"line":24,"column":14}},"8":{"start":{"line":26,"column":4},"end":{"line":40,"column":5}},"9":{"start":{"line":28,"column":6},"end":{"line":36,"column":14}},"10":{"start":{"line":39,"column":6},"end":{"line":39,"column":16}},"11":{"start":{"line":42,"column":4},"end":{"line":42,"column":57}},"12":{"start":{"line":45,"column":2},"end":{"line":47,"column":3}},"13":{"start":{"line":46,"column":4},"end":{"line":46,"column":53}},"14":{"start":{"line":49,"column":2},"end":{"line":66,"column":4}},"15":{"start":{"line":55,"column":8},"end":{"line":55,"column":53}},"16":{"start":{"line":56,"column":8},"end":{"line":63,"column":48}},"17":{"start":{"line":69,"column":0},"end":{"line":130,"column":1}},"18":{"start":{"line":125,"column":2},"end":{"line":129,"column":127}},"19":{"start":{"line":132,"column":0},"end":{"line":141,"column":1}},"20":{"start":{"line":136,"column":2},"end":{"line":140,"column":61}},"21":{"start":{"line":143,"column":0},"end":{"line":145,"column":1}},"22":{"start":{"line":144,"column":2},"end":{"line":144,"column":126}},"23":{"start":{"line":147,"column":0},"end":{"line":157,"column":1}},"24":{"start":{"line":148,"column":2},"end":{"line":154,"column":57}},"25":{"start":{"line":156,"column":2},"end":{"line":156,"column":21}},"26":{"start":{"line":159,"column":0},"end":{"line":195,"column":1}},"27":{"start":{"line":160,"column":2},"end":{"line":160,"column":19}},"28":{"start":{"line":161,"column":2},"end":{"line":161,"column":35}},"29":{"start":{"line":162,"column":2},"end":{"line":162,"column":16}},"30":{"start":{"line":164,"column":2},"end":{"line":164,"column":41}},"31":{"start":{"line":164,"column":24},"end":{"line":164,"column":39}},"32":{"start":{"line":165,"column":2},"end":{"line":194,"column":3}},"33":{"start":{"line":166,"column":4},"end":{"line":166,"column":22}},"34":{"start":{"line":167,"column":4},"end":{"line":193,"column":7}},"35":{"start":{"line":168,"column":6},"end":{"line":171,"column":7}},"36":{"start":{"line":169,"column":8},"end":{"line":169,"column":34}},"37":{"start":{"line":170,"column":8},"end":{"line":170,"column":34}},"38":{"start":{"line":173,"column":6},"end":{"line":173,"column":16}},"39":{"start":{"line":174,"column":6},"end":{"line":174,"column":68}},"40":{"start":{"line":176,"column":6},"end":{"line":176,"column":34}},"41":{"start":{"line":177,"column":6},"end":{"line":179,"column":7}},"42":{"start":{"line":178,"column":8},"end":{"line":178,"column":47}},"43":{"start":{"line":181,"column":6},"end":{"line":190,"column":7}},"44":{"start":{"line":184,"column":8},"end":{"line":184,"column":58}},"45":{"start":{"line":186,"column":8},"end":{"line":186,"column":81}},"46":{"start":{"line":187,"column":8},"end":{"line":187,"column":34}},"47":{"start":{"line":189,"column":8},"end":{"line":189,"column":30}},"48":{"start":{"line":192,"column":6},"end":{"line":192,"column":25}}},"branchMap":{"1":{"line":16,"type":"if","locations":[{"start":{"line":16,"column":2},"end":{"line":16,"column":2}},{"start":{"line":16,"column":2},"end":{"line":16,"column":2}}]},"2":{"line":22,"type":"binary-expr","locations":[{"start":{"line":22,"column":23},"end":{"line":22,"column":37}},{"start":{"line":22,"column":41},"end":{"line":22,"column":58}}]},"3":{"line":23,"type":"binary-expr","locations":[{"start":{"line":23,"column":21},"end":{"line":23,"column":33}},{"start":{"line":23,"column":37},"end":{"line":23,"column":52}}]},"4":{"line":28,"type":"cond-expr","locations":[{"start":{"line":29,"column":10},"end":{"line":29,"column":49}},{"start":{"line":32,"column":10},"end":{"line":36,"column":13}}]},"5":{"line":32,"type":"cond-expr","locations":[{"start":{"line":33,"column":12},"end":{"line":33,"column":53}},{"start":{"line":36,"column":12},"end":{"line":36,"column":13}}]},"6":{"line":42,"type":"binary-expr","locations":[{"start":{"line":42,"column":36},"end":{"line":42,"column":46}},{"start":{"line":42,"column":50},"end":{"line":42,"column":54}}]},"7":{"line":46,"type":"binary-expr","locations":[{"start":{"line":46,"column":32},"end":{"line":46,"column":42}},{"start":{"line":46,"column":46},"end":{"line":46,"column":50}}]},"8":{"line":56,"type":"cond-expr","locations":[{"start":{"line":62,"column":12},"end":{"line":62,"column":93}},{"start":{"line":63,"column":12},"end":{"line":63,"column":47}}]},"9":{"line":148,"type":"cond-expr","locations":[{"start":{"line":149,"column":8},"end":{"line":149,"column":46}},{"start":{"line":150,"column":8},"end":{"line":150,"column":15}}]},"10":{"line":152,"type":"cond-expr","locations":[{"start":{"line":153,"column":8},"end":{"line":153,"column":53}},{"start":{"line":154,"column":8},"end":{"line":154,"column":56}}]},"11":{"line":168,"type":"if","locations":[{"start":{"line":168,"column":6},"end":{"line":168,"column":6}},{"start":{"line":168,"column":6},"end":{"line":168,"column":6}}]},"12":{"line":177,"type":"if","locations":[{"start":{"line":177,"column":6},"end":{"line":177,"column":6}},{"start":{"line":177,"column":6},"end":{"line":177,"column":6}}]},"13":{"line":177,"type":"binary-expr","locations":[{"start":{"line":177,"column":9},"end":{"line":177,"column":11}},{"start":{"line":177,"column":15},"end":{"line":177,"column":30}}]},"14":{"line":181,"type":"if","locations":[{"start":{"line":181,"column":6},"end":{"line":181,"column":6}},{"start":{"line":181,"column":6},"end":{"line":181,"column":6}}]}},"code":["'use strict';","","var util         =  require('util')","  , resolve      =  require('resolve')","  , exposify     =  require('exposify')","  , format       =  require('util').format","  , path         =  require('path')","  , through      =  require('through')","  , resolveShims =  require('./lib/resolve-shims')","  , rename       =  require('rename-function-calls')","  , debug        =  require('./lib/debug')","","var shimRequire = '__browserify_shim_require__';","","function requireDependencies(depends, packageRoot, browserAliases, dependencies) {","  if (!depends) return '';","","  function customResolve (k) { ","    // resolve aliases to full paths to avoid conflicts when require is injected into a file","    // inside another package, i.e. the it's shim was defined in a package.json one level higher","    // aliases don't get resolved by browserify in that case, since it only looks in the package.json next to it","    var browserAlias = browserAliases && browserAliases[k]","      , dependency = dependencies && dependencies[k]","      , alias;","    ","    try {","      // prefer browser aliases defined explicitly","      alias =  browserAlias ","        ? path.resolve(packageRoot, browserAlias) ","","        // but also consider dependencies installed in the package in which shims were defined","        : dependency ","          ? resolve.sync(k, { basedir: packageRoot }) ","","          // lets hope for the best that browserify will be able to resolve this, cause we can't","          : k;","    } catch (err) {","      // resolve.sync may fail, in which case we give up and hope browserify can figure it out","      alias = k;","    }","","    return { alias: alias, exports: depends[k] || null }; ","  }","","  function noResolve(k) { ","    return { alias: k, exports: depends[k] || null };","  }","","  return Object.keys(depends)","","    // if the package was looked up from the parent of its enclosing package we need to pre-resolve the depends","    .map(customResolve)","    .reduce(","      function (acc, dep) {","        var alias = dep.alias.replace(/\\\\/g, \"\\\\\\\\\");","        return dep.exports ","          // Example: jQuery = global.jQuery = require(\"jquery\");","          // the global dangling variable is needed cause some libs reference it as such and it breaks outside of the browser,","          // i.e.: (function ($) { ... })( jQuery )","          // This little extra makes it work everywhere and since it's on top, it will be shadowed by any other definitions ","          // so it doesn't conflict with anything.","          ? acc + dep.exports + ' = global.' + dep.exports + ' = require(\"' + alias + '\");\\n'","          : acc + 'require(\"' + alias + '\");\\n';","      }","    , '\\n; '","  );","}","","function bindWindowWithExports(s, dependencies) {","  // purposely make module, exports, require and define be 'undefined',","  // but pass a function that allows exporting our dependency from the window or the context","  ","  // This results in code similarly to this example which shims ember which depends on jquery:","","  /**","   * -- browserify wrapper","   * function(require,module,exports){ ","   *","   *    -- our deps (which still have access to require)","   *    jquery = global.jquery = require(\"/full/path/to/jquery.js\");","   *","   *    -- assigning shimmed require to actual require","   *    -- this shouldn't matter, but would fix cases where libraries reach __browserify_shim_require__(x) as long ","   *    -- as x was included in the bundle","   *","   *    __browserify_shim_require__=require;","   *","   *    -- also it won't hurt anything","   *","   *    -- browserify-shim wrapper","   *    (function browserifyShim(module, exports, require, define, browserify_shim__define__module__export__) { ","   *       -- inside this function neither module, exports, require, or define are defined","   *","   *       -- browserify_shim__define__module__export__ allows exporting (since module and exports aren't available)","   *       ","   *       [..] -- code that needs shimming","   *","   *       -- exporting whatever ember attached to the window","   *       ; browserify_shim__define__module__export__(typeof ember != \"undefined\" ? ember : window.ember); ","   *","   *    }).call(global, undefined, undefined, undefined, undefined, function defineExport(ex) { module.exports = ex; });","   *    -- browserify-shim wrapper closed","   *  }","   *  -- browserify wrapper closed","   */","","  // Shadowing require is necessary to fix code that tries to do common-js, but ends up requiring deps that cannot be resolved","  // In the case below we want the below condition to be false at run time.","  /**","   * if (!jQuery && typeof require === 'function') {","   *   jQuery = require('jquery');","   * }","   */","","   // Additionally `require('jquery')` needs to be refactored to prevent browserify from looking for 'jquery' at bundle time.","   // The rewriting step happens inside the main @see shim function.","   // Thus it gets rewritten via rename-function-calls:","  /**","   * if (!jQuery && typeof require === 'function') {","   *   jQuery = __browserify_shim_removed_require__('jquery');","   * }","   */","  // The fact that __browserify_shim_removed_require__ is not defined doesn't matter since we never enter that block.","","  return dependencies","      + '; var ' + shimRequire + '=require;' ","      + '(function browserifyShim(module, exports, require, define, browserify_shim__define__module__export__) {\\n'","      + s ","      + '\\n}).call(global, undefined, undefined, undefined, undefined, function defineExport(ex) { module.exports = ex; });\\n';","}","","function bindWindowWithoutExports(s, dependencies) {","  // if a module doesn't need anything to be exported, it is likely, that it exports itself properly","  // therefore it is not a good idea to override the module here, however we need to still disable require","  // all else is similar to @see bindWindowWithExports","  return dependencies","      + '; var ' + shimRequire + '=require;' ","      + '(function browserifyShim(module, define, require) {\\n'","      + s ","      + '\\n}).call(global, module, undefined, undefined);\\n';","}","","function moduleExport(exp) {","  return format('\\n; browserify_shim__define__module__export__(typeof %s != \"undefined\" ? %s : window.%s);\\n', exp, exp, exp);","}","","function wrap(content, config, packageRoot, browserAliases) {","  var exported = config.exports","      ? content + moduleExport(config.exports)","      : content","  , dependencies = requireDependencies(config.depends, packageRoot, browserAliases)","  , boundWindow = config.exports","      ? bindWindowWithExports(exported, dependencies)","      : bindWindowWithoutExports(exported, dependencies);","","  return boundWindow;","}","","module.exports = function shim(file) {","  var content = '';","  var stream = through(write, end);","  return stream;","","  function write(buf) { content += buf; }","  function end() {","    var messages = [];","    resolveShims(file, messages, function (err, info) {","      if (err) {","        stream.emit('error', err);","        return stream.queue(null);","      }","","      debug('');","      debug.inspect({ file: file, info: info, messages: messages });","","      var eg = info.exposeGlobals;","      if(eg && Object.keys(eg)) {","        content = exposify.expose(eg, content);","      }","","      if (info.shim) { ","        ","        // at this point we consider all remaining (not exposified) require statements to be invalid (why else are we shimming this)","        content = rename('require', shimRequire, content);","","        var transformed = wrap(content, info.shim, info.packageDir, info.browser)","        stream.queue(transformed);","      } else { ","        stream.queue(content);","      }","","      stream.queue(null);","    });","  }","}",""],"l":{"3":1,"13":1,"15":1,"16":0,"18":1,"22":0,"26":0,"28":0,"39":0,"42":0,"45":1,"46":0,"49":0,"55":0,"56":0,"69":1,"125":0,"132":1,"136":0,"143":1,"144":0,"147":1,"148":0,"156":0,"159":1,"160":0,"161":0,"162":0,"164":1,"165":1,"166":0,"167":0,"168":0,"169":0,"170":0,"173":0,"174":0,"176":0,"177":0,"178":0,"181":0,"184":0,"186":0,"187":0,"189":0,"192":0}},"/home/travis/build/npmtest/node-npmtest-browserify-shim/node_modules/browserify-shim/lib/resolve-shims.js":{"path":"/home/travis/build/npmtest/node-npmtest-browserify-shim/node_modules/browserify-shim/lib/resolve-shims.js","s":{"1":1,"2":1,"3":1,"4":0,"5":1,"6":0,"7":1,"8":0,"9":0,"10":0,"11":0,"12":1,"13":0,"14":0,"15":0,"16":0,"17":0,"18":1,"19":0,"20":0,"21":0,"22":0,"23":0,"24":0,"25":0,"26":0,"27":0,"28":0,"29":0,"30":0,"31":0,"32":0,"33":0,"34":0,"35":1,"36":0,"37":0,"38":0,"39":0,"40":0,"41":0,"42":0,"43":0,"44":0,"45":0,"46":0,"47":0,"48":0,"49":0,"50":0,"51":1,"52":0,"53":0,"54":0,"55":0,"56":0,"57":0,"58":0,"59":0,"60":1,"61":0,"62":0,"63":0,"64":0,"65":0,"66":0,"67":0,"68":1,"69":0,"70":0,"71":0,"72":0,"73":0,"74":1,"75":0,"76":0,"77":0,"78":0,"79":1,"80":0,"81":0,"82":0,"83":0,"84":0,"85":0,"86":0,"87":0,"88":0,"89":0,"90":0,"91":0,"92":0,"93":0,"94":0,"95":0,"96":0,"97":0,"98":0,"99":0,"100":0,"101":0,"102":0},"b":{"1":[0,0],"2":[0,0],"3":[0,0],"4":[0,0],"5":[0,0],"6":[0,0],"7":[0,0],"8":[0,0],"9":[0,0],"10":[0,0],"11":[0,0],"12":[0,0],"13":[0,0],"14":[0,0],"15":[0,0],"16":[0,0],"17":[0,0],"18":[0,0],"19":[0,0],"20":[0,0],"21":[0,0],"22":[0,0],"23":[0,0],"24":[0,0]},"f":{"1":0,"2":0,"3":0,"4":0,"5":0,"6":0,"7":0,"8":0,"9":0,"10":0,"11":0,"12":0,"13":0,"14":0,"15":0,"16":0,"17":0,"18":0},"fnMap":{"1":{"name":"inspect","line":13,"loc":{"start":{"line":13,"column":0},"end":{"line":13,"column":29}}},"2":{"name":"isPath","line":17,"loc":{"start":{"line":17,"column":0},"end":{"line":17,"column":19}}},"3":{"name":"validate","line":21,"loc":{"start":{"line":21,"column":0},"end":{"line":21,"column":36}}},"4":{"name":"updateCache","line":32,"loc":{"start":{"line":32,"column":0},"end":{"line":32,"column":69}}},"5":{"name":"(anonymous_5)","line":34,"loc":{"start":{"line":34,"column":37},"end":{"line":34,"column":56}}},"6":{"name":"resolveDependsRelativeTo","line":41,"loc":{"start":{"line":41,"column":0},"end":{"line":41,"column":77}}},"7":{"name":"(anonymous_7)","line":46,"loc":{"start":{"line":46,"column":37},"end":{"line":46,"column":55}}},"8":{"name":"resolvePaths","line":68,"loc":{"start":{"line":68,"column":0},"end":{"line":68,"column":84}}},"9":{"name":"(anonymous_9)","line":70,"loc":{"start":{"line":70,"column":12},"end":{"line":70,"column":36}}},"10":{"name":"mapifyExposeGlobals","line":99,"loc":{"start":{"line":99,"column":0},"end":{"line":99,"column":44}}},"11":{"name":"(anonymous_11)","line":101,"loc":{"start":{"line":101,"column":12},"end":{"line":101,"column":30}}},"12":{"name":"separateExposeGlobals","line":121,"loc":{"start":{"line":121,"column":0},"end":{"line":121,"column":38}}},"13":{"name":"(anonymous_13)","line":125,"loc":{"start":{"line":125,"column":29},"end":{"line":125,"column":42}}},"14":{"name":"resolveFromShimFile","line":139,"loc":{"start":{"line":139,"column":0},"end":{"line":139,"column":68}}},"15":{"name":"resolveInlineShims","line":150,"loc":{"start":{"line":150,"column":0},"end":{"line":150,"column":67}}},"16":{"name":"resolveShims","line":158,"loc":{"start":{"line":158,"column":31},"end":{"line":158,"column":74}}},"17":{"name":"(anonymous_17)","line":160,"loc":{"start":{"line":160,"column":19},"end":{"line":160,"column":35}}},"18":{"name":"(anonymous_18)","line":160,"loc":{"start":{"line":160,"column":74},"end":{"line":160,"column":94}}}},"statementMap":{"1":{"start":{"line":3,"column":0},"end":{"line":8,"column":45}},"2":{"start":{"line":10,"column":0},"end":{"line":11,"column":26}},"3":{"start":{"line":13,"column":0},"end":{"line":15,"column":1}},"4":{"start":{"line":14,"column":2},"end":{"line":14,"column":52}},"5":{"start":{"line":17,"column":0},"end":{"line":19,"column":1}},"6":{"start":{"line":18,"column":2},"end":{"line":18,"column":36}},"7":{"start":{"line":21,"column":0},"end":{"line":30,"column":1}},"8":{"start":{"line":22,"column":2},"end":{"line":23,"column":100}},"9":{"start":{"line":25,"column":2},"end":{"line":29,"column":3}},"10":{"start":{"line":26,"column":4},"end":{"line":27,"column":69}},"11":{"start":{"line":28,"column":4},"end":{"line":28,"column":35}},"12":{"start":{"line":32,"column":0},"end":{"line":39,"column":1}},"13":{"start":{"line":33,"column":2},"end":{"line":33,"column":94}},"14":{"start":{"line":34,"column":2},"end":{"line":38,"column":5}},"15":{"start":{"line":35,"column":4},"end":{"line":35,"column":39}},"16":{"start":{"line":36,"column":4},"end":{"line":36,"column":41}},"17":{"start":{"line":37,"column":4},"end":{"line":37,"column":33}},"18":{"start":{"line":41,"column":0},"end":{"line":66,"column":1}},"19":{"start":{"line":42,"column":2},"end":{"line":42,"column":15}},"20":{"start":{"line":44,"column":2},"end":{"line":44,"column":33}},"21":{"start":{"line":44,"column":16},"end":{"line":44,"column":33}},"22":{"start":{"line":46,"column":2},"end":{"line":65,"column":8}},"23":{"start":{"line":47,"column":4},"end":{"line":62,"column":5}},"24":{"start":{"line":48,"column":6},"end":{"line":48,"column":26}},"25":{"start":{"line":49,"column":6},"end":{"line":49,"column":78}},"26":{"start":{"line":50,"column":11},"end":{"line":62,"column":5}},"27":{"start":{"line":51,"column":6},"end":{"line":51,"column":26}},"28":{"start":{"line":52,"column":6},"end":{"line":56,"column":7}},"29":{"start":{"line":53,"column":8},"end":{"line":53,"column":97}},"30":{"start":{"line":55,"column":8},"end":{"line":55,"column":155}},"31":{"start":{"line":59,"column":6},"end":{"line":59,"column":38}},"32":{"start":{"line":60,"column":6},"end":{"line":60,"column":33}},"33":{"start":{"line":61,"column":6},"end":{"line":61,"column":84}},"34":{"start":{"line":64,"column":4},"end":{"line":64,"column":15}},"35":{"start":{"line":68,"column":0},"end":{"line":97,"column":1}},"36":{"start":{"line":69,"column":2},"end":{"line":96,"column":11}},"37":{"start":{"line":71,"column":6},"end":{"line":71,"column":32}},"38":{"start":{"line":72,"column":6},"end":{"line":72,"column":37}},"39":{"start":{"line":73,"column":6},"end":{"line":73,"column":19}},"40":{"start":{"line":75,"column":6},"end":{"line":91,"column":7}},"41":{"start":{"line":79,"column":8},"end":{"line":79,"column":53}},"42":{"start":{"line":80,"column":8},"end":{"line":80,"column":130}},"43":{"start":{"line":81,"column":13},"end":{"line":91,"column":7}},"44":{"start":{"line":84,"column":8},"end":{"line":84,"column":54}},"45":{"start":{"line":85,"column":8},"end":{"line":85,"column":93}},"46":{"start":{"line":89,"column":8},"end":{"line":89,"column":53}},"47":{"start":{"line":90,"column":8},"end":{"line":90,"column":96}},"48":{"start":{"line":92,"column":6},"end":{"line":92,"column":115}},"49":{"start":{"line":94,"column":6},"end":{"line":94,"column":66}},"50":{"start":{"line":95,"column":6},"end":{"line":95,"column":17}},"51":{"start":{"line":99,"column":0},"end":{"line":119,"column":1}},"52":{"start":{"line":100,"column":2},"end":{"line":118,"column":11}},"53":{"start":{"line":103,"column":6},"end":{"line":103,"column":33}},"54":{"start":{"line":104,"column":6},"end":{"line":104,"column":33}},"55":{"start":{"line":106,"column":6},"end":{"line":111,"column":7}},"56":{"start":{"line":107,"column":8},"end":{"line":110,"column":10}},"57":{"start":{"line":114,"column":6},"end":{"line":114,"column":20}},"58":{"start":{"line":115,"column":6},"end":{"line":115,"column":31}},"59":{"start":{"line":117,"column":6},"end":{"line":117,"column":17}},"60":{"start":{"line":121,"column":0},"end":{"line":137,"column":1}},"61":{"start":{"line":122,"column":2},"end":{"line":123,"column":25}},"62":{"start":{"line":125,"column":2},"end":{"line":134,"column":5}},"63":{"start":{"line":126,"column":4},"end":{"line":127,"column":33}},"64":{"start":{"line":129,"column":4},"end":{"line":133,"column":5}},"65":{"start":{"line":130,"column":6},"end":{"line":130,"column":29}},"66":{"start":{"line":132,"column":6},"end":{"line":132,"column":25}},"67":{"start":{"line":136,"column":2},"end":{"line":136,"column":81}},"68":{"start":{"line":139,"column":0},"end":{"line":148,"column":1}},"69":{"start":{"line":140,"column":2},"end":{"line":141,"column":43}},"70":{"start":{"line":143,"column":2},"end":{"line":143,"column":35}},"71":{"start":{"line":144,"column":2},"end":{"line":144,"column":50}},"72":{"start":{"line":146,"column":2},"end":{"line":146,"column":132}},"73":{"start":{"line":147,"column":2},"end":{"line":147,"column":74}},"74":{"start":{"line":150,"column":0},"end":{"line":156,"column":1}},"75":{"start":{"line":151,"column":2},"end":{"line":151,"column":45}},"76":{"start":{"line":152,"column":2},"end":{"line":152,"column":50}},"77":{"start":{"line":154,"column":2},"end":{"line":154,"column":125}},"78":{"start":{"line":155,"column":2},"end":{"line":155,"column":74}},"79":{"start":{"line":158,"column":0},"end":{"line":213,"column":1}},"80":{"start":{"line":160,"column":2},"end":{"line":212,"column":7}},"81":{"start":{"line":160,"column":37},"end":{"line":160,"column":71}},"82":{"start":{"line":161,"column":4},"end":{"line":161,"column":28}},"83":{"start":{"line":161,"column":13},"end":{"line":161,"column":28}},"84":{"start":{"line":163,"column":4},"end":{"line":163,"column":131}},"85":{"start":{"line":163,"column":27},"end":{"line":163,"column":131}},"86":{"start":{"line":165,"column":4},"end":{"line":165,"column":30}},"87":{"start":{"line":166,"column":4},"end":{"line":166,"column":30}},"88":{"start":{"line":167,"column":4},"end":{"line":167,"column":44}},"89":{"start":{"line":170,"column":4},"end":{"line":170,"column":40}},"90":{"start":{"line":172,"column":4},"end":{"line":183,"column":5}},"91":{"start":{"line":173,"column":6},"end":{"line":182,"column":9}},"92":{"start":{"line":185,"column":6},"end":{"line":211,"column":7}},"93":{"start":{"line":186,"column":8},"end":{"line":186,"column":33}},"94":{"start":{"line":188,"column":8},"end":{"line":188,"column":48}},"95":{"start":{"line":189,"column":8},"end":{"line":189,"column":85}},"96":{"start":{"line":189,"column":24},"end":{"line":189,"column":85}},"97":{"start":{"line":191,"column":8},"end":{"line":193,"column":70}},"98":{"start":{"line":195,"column":8},"end":{"line":195,"column":52}},"99":{"start":{"line":196,"column":8},"end":{"line":196,"column":78}},"100":{"start":{"line":198,"column":8},"end":{"line":206,"column":11}},"101":{"start":{"line":209,"column":8},"end":{"line":209,"column":24}},"102":{"start":{"line":210,"column":8},"end":{"line":210,"column":23}}},"branchMap":{"1":{"line":14,"type":"binary-expr","locations":[{"start":{"line":14,"column":34},"end":{"line":14,"column":39}},{"start":{"line":14,"column":43},"end":{"line":14,"column":44}}]},"2":{"line":25,"type":"if","locations":[{"start":{"line":25,"column":2},"end":{"line":25,"column":2}},{"start":{"line":25,"column":2},"end":{"line":25,"column":2}}]},"3":{"line":44,"type":"if","locations":[{"start":{"line":44,"column":2},"end":{"line":44,"column":2}},{"start":{"line":44,"column":2},"end":{"line":44,"column":2}}]},"4":{"line":47,"type":"if","locations":[{"start":{"line":47,"column":4},"end":{"line":47,"column":4}},{"start":{"line":47,"column":4},"end":{"line":47,"column":4}}]},"5":{"line":50,"type":"if","locations":[{"start":{"line":50,"column":11},"end":{"line":50,"column":11}},{"start":{"line":50,"column":11},"end":{"line":50,"column":11}}]},"6":{"line":52,"type":"if","locations":[{"start":{"line":52,"column":6},"end":{"line":52,"column":6}},{"start":{"line":52,"column":6},"end":{"line":52,"column":6}}]},"7":{"line":75,"type":"if","locations":[{"start":{"line":75,"column":6},"end":{"line":75,"column":6}},{"start":{"line":75,"column":6},"end":{"line":75,"column":6}}]},"8":{"line":81,"type":"if","locations":[{"start":{"line":81,"column":13},"end":{"line":81,"column":13}},{"start":{"line":81,"column":13},"end":{"line":81,"column":13}}]},"9":{"line":92,"type":"binary-expr","locations":[{"start":{"line":92,"column":45},"end":{"line":92,"column":56}},{"start":{"line":92,"column":60},"end":{"line":92,"column":70}}]},"10":{"line":106,"type":"if","locations":[{"start":{"line":106,"column":6},"end":{"line":106,"column":6}},{"start":{"line":106,"column":6},"end":{"line":106,"column":6}}]},"11":{"line":106,"type":"binary-expr","locations":[{"start":{"line":106,"column":10},"end":{"line":106,"column":26}},{"start":{"line":106,"column":30},"end":{"line":106,"column":46}}]},"12":{"line":127,"type":"binary-expr","locations":[{"start":{"line":127,"column":14},"end":{"line":127,"column":17}},{"start":{"line":127,"column":21},"end":{"line":127,"column":32}}]},"13":{"line":129,"type":"if","locations":[{"start":{"line":129,"column":4},"end":{"line":129,"column":4}},{"start":{"line":129,"column":4},"end":{"line":129,"column":4}}]},"14":{"line":129,"type":"binary-expr","locations":[{"start":{"line":129,"column":8},"end":{"line":129,"column":11}},{"start":{"line":129,"column":15},"end":{"line":129,"column":36}}]},"15":{"line":146,"type":"binary-expr","locations":[{"start":{"line":146,"column":60},"end":{"line":146,"column":72}},{"start":{"line":146,"column":76},"end":{"line":146,"column":78}}]},"16":{"line":146,"type":"binary-expr","locations":[{"start":{"line":146,"column":97},"end":{"line":146,"column":114}},{"start":{"line":146,"column":118},"end":{"line":146,"column":120}}]},"17":{"line":154,"type":"binary-expr","locations":[{"start":{"line":154,"column":53},"end":{"line":154,"column":65}},{"start":{"line":154,"column":69},"end":{"line":154,"column":71}}]},"18":{"line":154,"type":"binary-expr","locations":[{"start":{"line":154,"column":90},"end":{"line":154,"column":107}},{"start":{"line":154,"column":111},"end":{"line":154,"column":113}}]},"19":{"line":161,"type":"if","locations":[{"start":{"line":161,"column":4},"end":{"line":161,"column":4}},{"start":{"line":161,"column":4},"end":{"line":161,"column":4}}]},"20":{"line":163,"type":"if","locations":[{"start":{"line":163,"column":4},"end":{"line":163,"column":4}},{"start":{"line":163,"column":4},"end":{"line":163,"column":4}}]},"21":{"line":163,"type":"binary-expr","locations":[{"start":{"line":163,"column":8},"end":{"line":163,"column":12}},{"start":{"line":163,"column":16},"end":{"line":163,"column":25}}]},"22":{"line":172,"type":"if","locations":[{"start":{"line":172,"column":4},"end":{"line":172,"column":4}},{"start":{"line":172,"column":4},"end":{"line":172,"column":4}}]},"23":{"line":189,"type":"if","locations":[{"start":{"line":189,"column":8},"end":{"line":189,"column":8}},{"start":{"line":189,"column":8},"end":{"line":189,"column":8}}]},"24":{"line":191,"type":"cond-expr","locations":[{"start":{"line":192,"column":12},"end":{"line":192,"column":70}},{"start":{"line":193,"column":12},"end":{"line":193,"column":69}}]}},"code":["'use strict';","","var path             = require('path')","  , fs               = require('fs')","  , util             = require('util')","  , parseInlineShims = require('./parse-inline-shims')","  , mothership       = require('mothership')","  , format           = require('util').format","","var shimsCache =  {}","  , shimsByPath     =  {};","","function inspect(obj, depth) {","  return util.inspect(obj, false, depth || 5, true);","}","","function isPath(s) {","  return (/^[.]{0,2}[/\\\\]/).test(s);","}","","function validate(key, config, dir) {","  var msg","    , details = 'When evaluating shim \"' + key + '\": ' + inspect(config) + '\\ninside ' + dir + '\\n';","","  if (!config.hasOwnProperty('exports')) {","    msg = 'browserify-shim needs at least a path and exports to do its job, you are missing the exports. ' +","          '\\nIf this module has no exports, specify exports as null.'","    throw new Error(details + msg);","  }","}","","function updateCache(packageDir, pack, resolvedShims, exposeGlobals) {","  shimsCache[packageDir] = { pack: pack, shims: resolvedShims, exposeGlobals: exposeGlobals };","  Object.keys(resolvedShims).forEach(function(fullPath) {","    var shim = resolvedShims[fullPath]; ","    validate(fullPath, shim, packageDir);","    shimsByPath[fullPath] = shim;","  });","}","","function resolveDependsRelativeTo(dir, browser, depends, packDeps, messages) {","  var resolved;","","  if (!depends) return undefined;","","  return Object.keys(depends).reduce(function (acc, k) {","    if (browser[k]){","      acc[k] = depends[k];","      messages.push(format('Found depends \"%s\" exposed in browser field', k));","    } else if (!isPath(k)) {","      acc[k] = depends[k];","      if (packDeps[k]) {","        messages.push(format('Found depends \"%s\" as an installed dependency of the package', k));","      } else {","        messages.push(format('WARNING, depends \"%s\" is not a path, nor is it exposed in the browser field, nor was it found in package dependencies.', k));","      }","    } else {","      // otherwise resolve the path","      resolved = path.resolve(dir, k);","      acc[resolved] = depends[k];","      messages.push(format('Depends \"%s\" was resolved to be at [%s]', k, resolved));","    }","","    return acc;","  }, {})","}","","function resolvePaths (packageDir, shimFileDir, browser, shims, packDeps, messages) {","  return Object.keys(shims)","    .reduce(function (acc, relPath) {","      var shim = shims[relPath];","      var exposed = browser[relPath];","      var shimPath;","","      if (exposed) {","        // lib exposed under different name/path in package.json's browser field","        // and it is referred to by this alias in the shims (either external or in package.json)","        // i.e.: 'non-cjs': { ... } -> browser: { 'non-cjs': './vendor/non-cjs.js }","        shimPath = path.resolve(packageDir, exposed);","        messages.push(format('Found \"%s\" in browser field referencing \"%s\" and resolved it to \"%s\"', relPath, exposed, shimPath));","      } else if (shimFileDir) {","        // specified via relative path to shim file inside shim file","        // i.e. './vendor/non-cjs': { exports: .. } ","        shimPath = path.resolve(shimFileDir, relPath);","        messages.push(format('Resolved \"%s\" found in shim file to \"%s\"', relPath, shimPath));","      } else {","        // specified via relative path in package.json browserify-shim config","        // i.e. 'browserify-shim': { './vendor/non-cjs': 'noncjs' }","        shimPath = path.resolve(packageDir, relPath);","        messages.push(format('Resolved \"%s\" found in package.json to \"%s\"', relPath, shimPath));","      }","      var depends = resolveDependsRelativeTo(shimFileDir || packageDir, browser, shim.depends, packDeps, messages);","","      acc[shimPath] = { exports: shim.exports, depends: depends };","      return acc;","    }, {});","}","","function mapifyExposeGlobals(exposeGlobals) {","  return Object.keys(exposeGlobals)","    .reduce(function (acc, k) {","","      var val = exposeGlobals[k];","      var parts = val.split(':');","","      if (parts.length < 2 || !parts[1].length) { ","        throw new Error(","            'Expose Globals need to have the format \"global:expression.\\n\"'","          + inspect({ key: k, value: val }) + 'does not.'","        );","      }","","      // this also handle unlikely cases of 'global:_.someFunc(':')' with a `:` in the actual global expression","      parts.shift();","      acc[k] = parts.join(':');","","      return acc;","    }, {});","}","","function separateExposeGlobals(shims) {","  var onlyShims = {}","    , exposeGlobals = {};","","  Object.keys(shims).forEach(function (k) {","    var val = shims[k]","      , exp = val && val.exports;","","    if (exp && /^global\\:/.test(exp)) {","      exposeGlobals[k] = exp;","    } else {","      onlyShims[k] = val;","    }","  });","","  return { shims: onlyShims, exposeGlobals: mapifyExposeGlobals(exposeGlobals) };","}","","function resolveFromShimFile(packageDir, pack, shimField, messages) {","  var shimFile =  path.join(packageDir, shimField)","    , shimFileDir = path.dirname(shimFile);","","  var allShims = require(shimFile);","  var separated = separateExposeGlobals(allShims);","","  var resolvedShims = resolvePaths(packageDir, shimFileDir, pack.browser || {}, separated.shims, pack.dependencies || {}, messages);","  return { shims: resolvedShims, exposeGlobals: separated.exposeGlobals };","}","","function resolveInlineShims(packageDir, pack, shimField, messages) {","  var allShims = parseInlineShims(shimField);","  var separated = separateExposeGlobals(allShims);","","  var resolvedShims = resolvePaths(packageDir, null, pack.browser || {}, separated.shims, pack.dependencies || {}, messages);","  return { shims: resolvedShims, exposeGlobals: separated.exposeGlobals };","}","","var resolve = module.exports = function resolveShims (file, messages, cb) {","  // find the package.json that defines browserify-shim config for this file","  mothership(file, function (pack) { return !! pack['browserify-shim'] }, function (err, res) {","    if (err) return cb(err);","","    if (!res || !res.pack) return cb(new Error('Unable to find a browserify-shim config section in the package.json for ' + file));","","    var pack       = res.pack;","    var packFile   = res.path;","    var packageDir = path.dirname(packFile);","","    // we cached this before which means it was also grouped by file","    var cached = shimsCache[packageDir];","    // if it was cached, that means any package fixes were applied as well","    if (cached) { ","      return cb(null, { ","          package_json       :  packFile","        , packageDir         :  packageDir","        , resolvedPreviously :  true","        , shim               :  shimsByPath[file]","        , exposeGlobals      :  cached.exposeGlobals","        , browser            :  pack.browser","        , 'browserify-shim'  :  pack['browserify-shim']","        , dependencies       :  pack.dependencies","      });","    }","","      try {","        pack = require(packFile);","","        var shimField = pack['browserify-shim'];","        if (!shimField) return cb(null, { package_json: packFile, shim: undefined }); ","","        var resolved = typeof shimField === 'string'","          ? resolveFromShimFile(packageDir, pack, shimField, messages)","          : resolveInlineShims(packageDir, pack, shimField, messages);","","        messages.push({ resolved: resolved.shims });","        updateCache(packageDir, pack, resolved.shims, resolved.exposeGlobals);","","        cb(null, { ","            package_json      :  packFile","          , packageDir        :  packageDir ","          , shim              :  shimsByPath[file]","          , exposeGlobals     :  resolved.exposeGlobals","          , browser           :  pack.browser","          , 'browserify-shim' :  pack['browserify-shim']","          , dependencies      :  pack.dependencies","        });","","      } catch (err) {","        console.trace();","        return cb(err);","      }","    });","}",""],"l":{"3":1,"10":1,"13":1,"14":0,"17":1,"18":0,"21":1,"22":0,"25":0,"26":0,"28":0,"32":1,"33":0,"34":0,"35":0,"36":0,"37":0,"41":1,"42":0,"44":0,"46":0,"47":0,"48":0,"49":0,"50":0,"51":0,"52":0,"53":0,"55":0,"59":0,"60":0,"61":0,"64":0,"68":1,"69":0,"71":0,"72":0,"73":0,"75":0,"79":0,"80":0,"81":0,"84":0,"85":0,"89":0,"90":0,"92":0,"94":0,"95":0,"99":1,"100":0,"103":0,"104":0,"106":0,"107":0,"114":0,"115":0,"117":0,"121":1,"122":0,"125":0,"126":0,"129":0,"130":0,"132":0,"136":0,"139":1,"140":0,"143":0,"144":0,"146":0,"147":0,"150":1,"151":0,"152":0,"154":0,"155":0,"158":1,"160":0,"161":0,"163":0,"165":0,"166":0,"167":0,"170":0,"172":0,"173":0,"185":0,"186":0,"188":0,"189":0,"191":0,"195":0,"196":0,"198":0,"209":0,"210":0}},"/home/travis/build/npmtest/node-npmtest-browserify-shim/node_modules/browserify-shim/lib/parse-inline-shims.js":{"path":"/home/travis/build/npmtest/node-npmtest-browserify-shim/node_modules/browserify-shim/lib/parse-inline-shims.js","s":{"1":1,"2":0,"3":0,"4":0,"5":0,"6":0,"7":0,"8":0,"9":0,"10":0,"11":0,"12":0,"13":1,"14":0,"15":0,"16":0,"17":0,"18":0,"19":0,"20":0},"b":{"1":[0,0],"2":[0,0],"3":[0,0],"4":[0,0,0,0],"5":[0,0],"6":[0,0],"7":[0,0],"8":[0,0],"9":[0,0]},"f":{"1":0,"2":0,"3":0,"4":0,"5":0},"fnMap":{"1":{"name":"parseDepends","line":3,"loc":{"start":{"line":3,"column":0},"end":{"line":3,"column":28}}},"2":{"name":"(anonymous_2)","line":9,"loc":{"start":{"line":9,"column":12},"end":{"line":9,"column":30}}},"3":{"name":"(anonymous_3)","line":17,"loc":{"start":{"line":17,"column":24},"end":{"line":17,"column":37}}},"4":{"name":"(anonymous_4)","line":52,"loc":{"start":{"line":52,"column":26},"end":{"line":52,"column":44}}},"5":{"name":"(anonymous_5)","line":55,"loc":{"start":{"line":55,"column":12},"end":{"line":55,"column":34}}}},"statementMap":{"1":{"start":{"line":3,"column":0},"end":{"line":26,"column":1}},"2":{"start":{"line":4,"column":2},"end":{"line":4,"column":30}},"3":{"start":{"line":4,"column":13},"end":{"line":4,"column":30}},"4":{"start":{"line":6,"column":2},"end":{"line":6,"column":47}},"5":{"start":{"line":8,"column":2},"end":{"line":25,"column":11}},"6":{"start":{"line":10,"column":6},"end":{"line":10,"column":31}},"7":{"start":{"line":11,"column":6},"end":{"line":15,"column":113}},"8":{"start":{"line":15,"column":8},"end":{"line":15,"column":113}},"9":{"start":{"line":17,"column":6},"end":{"line":19,"column":9}},"10":{"start":{"line":18,"column":8},"end":{"line":18,"column":51}},"11":{"start":{"line":23,"column":6},"end":{"line":23,"column":39}},"12":{"start":{"line":24,"column":6},"end":{"line":24,"column":17}},"13":{"start":{"line":52,"column":0},"end":{"line":72,"column":1}},"14":{"start":{"line":54,"column":2},"end":{"line":71,"column":11}},"15":{"start":{"line":56,"column":6},"end":{"line":56,"column":31}},"16":{"start":{"line":61,"column":6},"end":{"line":61,"column":61}},"17":{"start":{"line":61,"column":36},"end":{"line":61,"column":61}},"18":{"start":{"line":63,"column":6},"end":{"line":63,"column":82}},"19":{"start":{"line":65,"column":6},"end":{"line":68,"column":7}},"20":{"start":{"line":70,"column":6},"end":{"line":70,"column":17}}},"branchMap":{"1":{"line":4,"type":"if","locations":[{"start":{"line":4,"column":2},"end":{"line":4,"column":2}},{"start":{"line":4,"column":2},"end":{"line":4,"column":2}}]},"2":{"line":6,"type":"cond-expr","locations":[{"start":{"line":6,"column":31},"end":{"line":6,"column":35}},{"start":{"line":6,"column":38},"end":{"line":6,"column":46}}]},"3":{"line":11,"type":"if","locations":[{"start":{"line":11,"column":6},"end":{"line":11,"column":6}},{"start":{"line":11,"column":6},"end":{"line":11,"column":6}}]},"4":{"line":11,"type":"binary-expr","locations":[{"start":{"line":11,"column":10},"end":{"line":11,"column":16}},{"start":{"line":12,"column":13},"end":{"line":12,"column":29}},{"start":{"line":13,"column":13},"end":{"line":13,"column":29}},{"start":{"line":14,"column":13},"end":{"line":14,"column":22}}]},"5":{"line":18,"type":"cond-expr","locations":[{"start":{"line":18,"column":39},"end":{"line":18,"column":47}},{"start":{"line":18,"column":50},"end":{"line":18,"column":51}}]},"6":{"line":23,"type":"binary-expr","locations":[{"start":{"line":23,"column":22},"end":{"line":23,"column":30}},{"start":{"line":23,"column":34},"end":{"line":23,"column":38}}]},"7":{"line":61,"type":"if","locations":[{"start":{"line":61,"column":6},"end":{"line":61,"column":6}},{"start":{"line":61,"column":6},"end":{"line":61,"column":6}}]},"8":{"line":63,"type":"cond-expr","locations":[{"start":{"line":63,"column":55},"end":{"line":63,"column":74}},{"start":{"line":63,"column":77},"end":{"line":63,"column":81}}]},"9":{"line":63,"type":"binary-expr","locations":[{"start":{"line":63,"column":17},"end":{"line":63,"column":29}},{"start":{"line":63,"column":33},"end":{"line":63,"column":52}}]}},"code":["'use strict';","","function parseDepends(deps) {","  if (!deps) return undefined;","  // allow depends: [ '..' ] and depends: '..'","  deps = Array.isArray(deps) ? deps : [ deps ];","","  return deps","    .reduce(function (acc, d) {","      var parts = d.split(':');","      if (!parts ","          || parts.length > 2 ","          || parts.length < 1","          || !parts[0]) ","        throw new Error('Invalid depends specification: \"' + d + '\". Needs to have format: \"nameORpath:export\"');","","      parts = parts.map(function (p) { ","        return typeof p === 'string' ? p.trim() : p ","      });","        ","      // if parts[1] is not defined that means that we depend on module named in parts[0]","      // but we don't need it to be attached to the window under a certain name","      acc[parts[0]] = parts[1] || null;","      return acc;","    }, {});","}","","/**"," * Parses inlined shims-config and returns a config in the same format that is used by external shims"," *"," * Example:"," *"," *  Given:  "," *    { jquery: '$',"," *      'non-cjs': 'noncjs',"," *      'non-cjs-dep': { exports: 'noncjsdep', depends: 'non-cjs:noncjs' },"," *      'just-dep': { exports: 'justdep', depends: [ 'non-cjs:noncjs', 'jquery:$' ] } "," *    }"," *"," *  returns: "," *    { jquery: { exports: '$', depends: undefined },"," *      'non-cjs': { exports: 'noncjs', depends: undefined },"," *      'non-cjs-dep': { exports: 'noncjsdep', depends: { 'non-cjs': 'noncjs' } },"," *      'just-dep': { exports: 'justdep', depends: { 'non-cjs': 'noncjs', jquery: '$' } } "," *    }"," * "," * @name parseInlineShims "," * @function"," * @param {Object} config inlined shims config"," * @return {Object} parsed config"," */","var go = module.exports = function (config) {","  // all errors thrown are caught inside resolve-shims and passed back to browserify-shim","  return Object.keys(config)","    .reduce(function (acc, field) {","      var conf = config[field];","      ","      // normalize two possible formats:","      //    \"key\": \"export,","      //    \"key\": { \"exports\": \"export\" .. }","      if (typeof conf === 'string') conf = { exports: conf };","","      var exps = conf.exports && conf.exports.length ? conf.exports.trim() : null;","","      acc[field.trim()] = {","          exports: exps ","        , depends: parseDepends(conf.depends)","      }","","      return acc;","    }, {});","}",""],"l":{"3":1,"4":0,"6":0,"8":0,"10":0,"11":0,"15":0,"17":0,"18":0,"23":0,"24":0,"52":1,"54":0,"56":0,"61":0,"63":0,"65":0,"70":0}},"/home/travis/build/npmtest/node-npmtest-browserify-shim/node_modules/browserify-shim/lib/debug.js":{"path":"/home/travis/build/npmtest/node-npmtest-browserify-shim/node_modules/browserify-shim/lib/debug.js","s":{"1":1,"2":1,"3":0,"4":1,"5":0,"6":0,"7":1,"8":0,"9":0},"b":{"1":[0,0],"2":[0,0],"3":[0,0]},"f":{"1":0,"2":0,"3":0},"fnMap":{"1":{"name":"inspect","line":5,"loc":{"start":{"line":5,"column":0},"end":{"line":5,"column":29}}},"2":{"name":"debug","line":9,"loc":{"start":{"line":9,"column":27},"end":{"line":9,"column":44}}},"3":{"name":"(anonymous_3)","line":13,"loc":{"start":{"line":13,"column":18},"end":{"line":13,"column":39}}}},"statementMap":{"1":{"start":{"line":3,"column":0},"end":{"line":3,"column":57}},"2":{"start":{"line":5,"column":0},"end":{"line":7,"column":1}},"3":{"start":{"line":6,"column":2},"end":{"line":6,"column":63}},"4":{"start":{"line":9,"column":0},"end":{"line":11,"column":1}},"5":{"start":{"line":10,"column":2},"end":{"line":10,"column":59}},"6":{"start":{"line":10,"column":19},"end":{"line":10,"column":59}},"7":{"start":{"line":13,"column":0},"end":{"line":15,"column":1}},"8":{"start":{"line":14,"column":2},"end":{"line":14,"column":54}},"9":{"start":{"line":14,"column":19},"end":{"line":14,"column":54}}},"branchMap":{"1":{"line":6,"type":"binary-expr","locations":[{"start":{"line":6,"column":45},"end":{"line":6,"column":50}},{"start":{"line":6,"column":54},"end":{"line":6,"column":55}}]},"2":{"line":10,"type":"if","locations":[{"start":{"line":10,"column":2},"end":{"line":10,"column":2}},{"start":{"line":10,"column":2},"end":{"line":10,"column":2}}]},"3":{"line":14,"type":"if","locations":[{"start":{"line":14,"column":2},"end":{"line":14,"column":2}},{"start":{"line":14,"column":2},"end":{"line":14,"column":2}}]}},"code":["'use strict';","","var diagnostics = process.env.BROWSERIFYSHIM_DIAGNOSTICS;","","function inspect(obj, depth) {","  return require('util').inspect(obj, false, depth || 5, true);","}","","exports = module.exports = function debug() {","  if (diagnostics) console.error.apply(console, arguments);","}","","exports.inspect = function(obj, depth) {","  if (diagnostics) console.error(inspect(obj, depth));","}",""],"l":{"3":1,"5":1,"6":0,"9":1,"10":0,"13":1,"14":0}}}